{"/Users/ioan-one/Documents/Detal Clinic(MPP)/dental-clinic-app/src/components/Badge.jsx": {"path":"/Users/ioan-one/Documents/Detal Clinic(MPP)/dental-clinic-app/src/components/Badge.jsx","statementMap":{"0":{"start":{"line":2,"column":20},"end":{"line":2,"column":null}},"1":{"start":{"line":3,"column":18},"end":{"line":3,"column":null}},"2":{"start":{"line":5,"column":2},"end":{"line":25,"column":null}},"3":{"start":{"line":8,"column":6},"end":{"line":8,"column":null}},"4":{"start":{"line":9,"column":6},"end":{"line":9,"column":null}},"5":{"start":{"line":12,"column":6},"end":{"line":12,"column":null}},"6":{"start":{"line":13,"column":6},"end":{"line":13,"column":null}},"7":{"start":{"line":17,"column":6},"end":{"line":17,"column":null}},"8":{"start":{"line":18,"column":6},"end":{"line":18,"column":null}},"9":{"start":{"line":22,"column":6},"end":{"line":22,"column":null}},"10":{"start":{"line":23,"column":6},"end":{"line":23,"column":null}},"11":{"start":{"line":25,"column":6},"end":{"line":25,"column":null}},"12":{"start":{"line":28,"column":2},"end":{"line":31,"column":null}}},"fnMap":{"0":{"name":"Badge","decl":{"start":{"line":1,"column":24},"end":{"line":1,"column":30}},"loc":{"start":{"line":1,"column":62},"end":{"line":31,"column":null}},"line":1}},"branchMap":{"0":{"loc":{"start":{"line":1,"column":42},"end":{"line":1,"column":62}},"type":"default-arg","locations":[{"start":{"line":1,"column":49},"end":{"line":1,"column":62}}],"line":1},"1":{"loc":{"start":{"line":5,"column":2},"end":{"line":25,"column":null}},"type":"switch","locations":[{"start":{"line":6,"column":4},"end":{"line":6,"column":null}},{"start":{"line":7,"column":4},"end":{"line":9,"column":null}},{"start":{"line":10,"column":4},"end":{"line":10,"column":null}},{"start":{"line":11,"column":4},"end":{"line":13,"column":null}},{"start":{"line":14,"column":4},"end":{"line":14,"column":null}},{"start":{"line":15,"column":4},"end":{"line":15,"column":null}},{"start":{"line":16,"column":4},"end":{"line":18,"column":null}},{"start":{"line":19,"column":4},"end":{"line":19,"column":null}},{"start":{"line":20,"column":4},"end":{"line":20,"column":null}},{"start":{"line":21,"column":4},"end":{"line":23,"column":null}},{"start":{"line":24,"column":4},"end":{"line":25,"column":null}}],"line":5}},"s":{"0":30,"1":30,"2":30,"3":18,"4":18,"5":0,"6":0,"7":12,"8":12,"9":0,"10":0,"11":0,"12":30},"f":{"0":30},"b":{"0":[30],"1":[18,18,0,0,12,12,12,0,0,0,0]},"meta":{"lastBranch":2,"lastFunction":1,"lastStatement":13,"seen":{"f:1:24:1:30":0,"b:1:49:1:62":0,"s:2:20:2:Infinity":0,"s:3:18:3:Infinity":1,"b:6:4:6:Infinity:7:4:9:Infinity:10:4:10:Infinity:11:4:13:Infinity:14:4:14:Infinity:15:4:15:Infinity:16:4:18:Infinity:19:4:19:Infinity:20:4:20:Infinity:21:4:23:Infinity:24:4:25:Infinity":1,"s:5:2:25:Infinity":2,"s:8:6:8:Infinity":3,"s:9:6:9:Infinity":4,"s:12:6:12:Infinity":5,"s:13:6:13:Infinity":6,"s:17:6:17:Infinity":7,"s:18:6:18:Infinity":8,"s:22:6:22:Infinity":9,"s:23:6:23:Infinity":10,"s:25:6:25:Infinity":11,"s:28:2:31:Infinity":12}}}
,"/Users/ioan-one/Documents/Detal Clinic(MPP)/dental-clinic-app/src/components/Modal.jsx": {"path":"/Users/ioan-one/Documents/Detal Clinic(MPP)/dental-clinic-app/src/components/Modal.jsx","statementMap":{"0":{"start":{"line":5,"column":2},"end":{"line":5,"column":null}},"1":{"start":{"line":5,"column":15},"end":{"line":5,"column":null}},"2":{"start":{"line":7,"column":2},"end":{"line":20,"column":null}},"3":{"start":{"line":9,"column":52},"end":{"line":9,"column":71}}},"fnMap":{"0":{"name":"Modal","decl":{"start":{"line":4,"column":24},"end":{"line":4,"column":30}},"loc":{"start":{"line":4,"column":68},"end":{"line":20,"column":null}},"line":4},"1":{"name":"(anonymous_1)","decl":{"start":{"line":9,"column":36},"end":{"line":9,"column":46}},"loc":{"start":{"line":9,"column":52},"end":{"line":9,"column":71}},"line":9}},"branchMap":{"0":{"loc":{"start":{"line":5,"column":2},"end":{"line":5,"column":null}},"type":"if","locations":[{"start":{"line":5,"column":2},"end":{"line":5,"column":null}},{"start":{},"end":{}}],"line":5}},"s":{"0":6,"1":3,"2":3,"3":1},"f":{"0":6,"1":1},"b":{"0":[3,3]},"meta":{"lastBranch":1,"lastFunction":2,"lastStatement":4,"seen":{"f:4:24:4:30":0,"b:5:2:5:Infinity:undefined:undefined:undefined:undefined":0,"s:5:2:5:Infinity":0,"s:5:15:5:Infinity":1,"s:7:2:20:Infinity":2,"f:9:36:9:46":1,"s:9:52:9:71":3}}}
,"/Users/ioan-one/Documents/Detal Clinic(MPP)/dental-clinic-app/src/components/Modal.module.css": {"path":"/Users/ioan-one/Documents/Detal Clinic(MPP)/dental-clinic-app/src/components/Modal.module.css","statementMap":{},"fnMap":{},"branchMap":{},"s":{},"f":{},"b":{},"meta":{"lastBranch":0,"lastFunction":0,"lastStatement":0,"seen":{}}}
,"/Users/ioan-one/Documents/Detal Clinic(MPP)/dental-clinic-app/src/components/Table.jsx": {"path":"/Users/ioan-one/Documents/Detal Clinic(MPP)/dental-clinic-app/src/components/Table.jsx","statementMap":{"0":{"start":{"line":6,"column":22},"end":{"line":6,"column":51}},"1":{"start":{"line":8,"column":21},"end":{"line":8,"column":58}},"2":{"start":{"line":10,"column":22},"end":{"line":12,"column":null}},"3":{"start":{"line":15,"column":8},"end":{"line":16,"column":null}},"4":{"start":{"line":16,"column":4},"end":{"line":16,"column":null}},"5":{"start":{"line":16,"column":25},"end":{"line":16,"column":null}},"6":{"start":{"line":19,"column":8},"end":{"line":20,"column":null}},"7":{"start":{"line":20,"column":4},"end":{"line":20,"column":null}},"8":{"start":{"line":20,"column":34},"end":{"line":20,"column":null}},"9":{"start":{"line":23,"column":2},"end":{"line":83,"column":null}},"10":{"start":{"line":29,"column":14},"end":{"line":29,"column":null}},"11":{"start":{"line":37,"column":14},"end":{"line":50,"column":null}},"12":{"start":{"line":39,"column":18},"end":{"line":41,"column":null}}},"fnMap":{"0":{"name":"Table","decl":{"start":{"line":5,"column":24},"end":{"line":5,"column":30}},"loc":{"start":{"line":5,"column":85},"end":{"line":83,"column":null}},"line":5},"1":{"name":"(anonymous_1)","decl":{"start":{"line":15,"column":8},"end":{"line":15,"column":27}},"loc":{"start":{"line":15,"column":27},"end":{"line":16,"column":null}},"line":15},"2":{"name":"(anonymous_2)","decl":{"start":{"line":19,"column":8},"end":{"line":19,"column":27}},"loc":{"start":{"line":19,"column":27},"end":{"line":20,"column":null}},"line":19},"3":{"name":"(anonymous_3)","decl":{"start":{"line":28,"column":21},"end":{"line":28,"column":26}},"loc":{"start":{"line":29,"column":14},"end":{"line":29,"column":null}},"line":29},"4":{"name":"(anonymous_4)","decl":{"start":{"line":36,"column":24},"end":{"line":36,"column":29}},"loc":{"start":{"line":37,"column":14},"end":{"line":50,"column":null}},"line":37},"5":{"name":"(anonymous_5)","decl":{"start":{"line":38,"column":25},"end":{"line":38,"column":30}},"loc":{"start":{"line":39,"column":18},"end":{"line":41,"column":null}},"line":39}},"branchMap":{"0":{"loc":{"start":{"line":5,"column":47},"end":{"line":5,"column":65}},"type":"default-arg","locations":[{"start":{"line":5,"column":62},"end":{"line":5,"column":65}}],"line":5},"1":{"loc":{"start":{"line":16,"column":4},"end":{"line":16,"column":null}},"type":"if","locations":[{"start":{"line":16,"column":4},"end":{"line":16,"column":null}},{"start":{},"end":{}}],"line":16},"2":{"loc":{"start":{"line":20,"column":4},"end":{"line":20,"column":null}},"type":"if","locations":[{"start":{"line":20,"column":4},"end":{"line":20,"column":null}},{"start":{},"end":{}}],"line":20},"3":{"loc":{"start":{"line":31,"column":13},"end":{"line":32,"column":null}},"type":"binary-expr","locations":[{"start":{"line":31,"column":13},"end":{"line":31,"column":33}},{"start":{"line":31,"column":33},"end":{"line":32,"column":null}}],"line":31},"4":{"loc":{"start":{"line":35,"column":11},"end":{"line":59,"column":null}},"type":"cond-expr","locations":[{"start":{"line":36,"column":12},"end":{"line":50,"column":null}},{"start":{"line":53,"column":12},"end":{"line":59,"column":null}}],"line":35},"5":{"loc":{"start":{"line":40,"column":21},"end":{"line":40,"column":null}},"type":"cond-expr","locations":[{"start":{"line":40,"column":34},"end":{"line":40,"column":49}},{"start":{"line":40,"column":52},"end":{"line":40,"column":null}}],"line":40},"6":{"loc":{"start":{"line":43,"column":17},"end":{"line":50,"column":null}},"type":"binary-expr","locations":[{"start":{"line":43,"column":17},"end":{"line":43,"column":null}},{"start":{"line":44,"column":18},"end":{"line":50,"column":null}}],"line":43},"7":{"loc":{"start":{"line":54,"column":45},"end":{"line":54,"column":72}},"type":"cond-expr","locations":[{"start":{"line":54,"column":64},"end":{"line":54,"column":68}},{"start":{"line":54,"column":68},"end":{"line":54,"column":72}}],"line":54},"8":{"loc":{"start":{"line":63,"column":7},"end":{"line":83,"column":null}},"type":"binary-expr","locations":[{"start":{"line":63,"column":7},"end":{"line":63,"column":null}},{"start":{"line":64,"column":8},"end":{"line":83,"column":null}}],"line":63}},"s":{"0":6,"1":6,"2":6,"3":6,"4":0,"5":0,"6":6,"7":0,"8":0,"9":6,"10":42,"11":30,"12":210},"f":{"0":6,"1":0,"2":0,"3":42,"4":30,"5":210},"b":{"0":[6],"1":[0,0],"2":[0,0],"3":[6,6],"4":[6,0],"5":[90,120],"6":[30,30],"7":[0,0],"8":[6,6]},"meta":{"lastBranch":9,"lastFunction":6,"lastStatement":13,"seen":{"f:5:24:5:30":0,"b:5:62:5:65":0,"s:6:22:6:51":0,"s:8:21:8:58":1,"s:10:22:12:Infinity":2,"s:15:8:16:Infinity":3,"f:15:8:15:27":1,"b:16:4:16:Infinity:undefined:undefined:undefined:undefined":1,"s:16:4:16:Infinity":4,"s:16:25:16:Infinity":5,"s:19:8:20:Infinity":6,"f:19:8:19:27":2,"b:20:4:20:Infinity:undefined:undefined:undefined:undefined":2,"s:20:4:20:Infinity":7,"s:20:34:20:Infinity":8,"s:23:2:83:Infinity":9,"f:28:21:28:26":3,"s:29:14:29:Infinity":10,"b:31:13:31:33:31:33:32:Infinity":3,"b:36:12:50:Infinity:53:12:59:Infinity":4,"f:36:24:36:29":4,"s:37:14:50:Infinity":11,"f:38:25:38:30":5,"s:39:18:41:Infinity":12,"b:40:34:40:49:40:52:40:Infinity":5,"b:43:17:43:Infinity:44:18:50:Infinity":6,"b:54:64:54:68:54:68:54:72":7,"b:63:7:63:Infinity:64:8:83:Infinity":8}}}
,"/Users/ioan-one/Documents/Detal Clinic(MPP)/dental-clinic-app/src/components/Table.module.css": {"path":"/Users/ioan-one/Documents/Detal Clinic(MPP)/dental-clinic-app/src/components/Table.module.css","statementMap":{},"fnMap":{},"branchMap":{},"s":{},"f":{},"b":{},"meta":{"lastBranch":0,"lastFunction":0,"lastStatement":0,"seen":{}}}
,"/Users/ioan-one/Documents/Detal Clinic(MPP)/dental-clinic-app/src/pages/MasterView.jsx": {"path":"/Users/ioan-one/Documents/Detal Clinic(MPP)/dental-clinic-app/src/pages/MasterView.jsx","statementMap":{"0":{"start":{"line":13,"column":78},"end":{"line":13,"column":101}},"1":{"start":{"line":14,"column":8},"end":{"line":14,"column":32}},"2":{"start":{"line":16,"column":22},"end":{"line":16,"column":55}},"3":{"start":{"line":17,"column":21},"end":{"line":17,"column":52}},"4":{"start":{"line":18,"column":19},"end":{"line":20,"column":4}},"5":{"start":{"line":21,"column":17},"end":{"line":21,"column":42}},"6":{"start":{"line":23,"column":8},"end":{"line":32,"column":null}},"7":{"start":{"line":24,"column":4},"end":{"line":24,"column":null}},"8":{"start":{"line":25,"column":4},"end":{"line":30,"column":null}},"9":{"start":{"line":26,"column":6},"end":{"line":26,"column":null}},"10":{"start":{"line":27,"column":6},"end":{"line":27,"column":null}},"11":{"start":{"line":29,"column":6},"end":{"line":29,"column":null}},"12":{"start":{"line":30,"column":6},"end":{"line":30,"column":null}},"13":{"start":{"line":32,"column":4},"end":{"line":32,"column":null}},"14":{"start":{"line":35,"column":8},"end":{"line":35,"column":54}},"15":{"start":{"line":35,"column":33},"end":{"line":35,"column":54}},"16":{"start":{"line":37,"column":8},"end":{"line":51,"column":null}},"17":{"start":{"line":38,"column":4},"end":{"line":38,"column":null}},"18":{"start":{"line":39,"column":10},"end":{"line":39,"column":52}},"19":{"start":{"line":41,"column":4},"end":{"line":43,"column":null}},"20":{"start":{"line":42,"column":6},"end":{"line":42,"column":null}},"21":{"start":{"line":43,"column":6},"end":{"line":43,"column":null}},"22":{"start":{"line":46,"column":4},"end":{"line":49,"column":null}},"23":{"start":{"line":47,"column":6},"end":{"line":47,"column":null}},"24":{"start":{"line":49,"column":6},"end":{"line":49,"column":null}},"25":{"start":{"line":51,"column":4},"end":{"line":51,"column":null}},"26":{"start":{"line":54,"column":8},"end":{"line":56,"column":null}},"27":{"start":{"line":55,"column":4},"end":{"line":56,"column":null}},"28":{"start":{"line":56,"column":6},"end":{"line":56,"column":null}},"29":{"start":{"line":60,"column":27},"end":{"line":61,"column":null}},"30":{"start":{"line":61,"column":4},"end":{"line":61,"column":null}},"31":{"start":{"line":64,"column":26},"end":{"line":65,"column":null}},"32":{"start":{"line":65,"column":4},"end":{"line":65,"column":null}},"33":{"start":{"line":68,"column":18},"end":{"line":89,"column":null}},"34":{"start":{"line":69,"column":64},"end":{"line":69,"column":113}},"35":{"start":{"line":73,"column":6},"end":{"line":75,"column":null}},"36":{"start":{"line":81,"column":28},"end":{"line":86,"column":null}},"37":{"start":{"line":87,"column":6},"end":{"line":87,"column":null}},"38":{"start":{"line":91,"column":8},"end":{"line":102,"column":null}},"39":{"start":{"line":92,"column":4},"end":{"line":102,"column":null}},"40":{"start":{"line":93,"column":58},"end":{"line":93,"column":78}},"41":{"start":{"line":96,"column":58},"end":{"line":96,"column":88}},"42":{"start":{"line":99,"column":83},"end":{"line":99,"column":103}},"43":{"start":{"line":106,"column":8},"end":{"line":115,"column":20}},"44":{"start":{"line":107,"column":19},"end":{"line":107,"column":null}},"45":{"start":{"line":108,"column":4},"end":{"line":110,"column":null}},"46":{"start":{"line":109,"column":8},"end":{"line":109,"column":null}},"47":{"start":{"line":109,"column":45},"end":{"line":109,"column":null}},"48":{"start":{"line":111,"column":4},"end":{"line":114,"column":null}},"49":{"start":{"line":111,"column":60},"end":{"line":114,"column":7}},"50":{"start":{"line":114,"column":23},"end":{"line":114,"column":38}},"51":{"start":{"line":117,"column":17},"end":{"line":117,"column":null}},"52":{"start":{"line":119,"column":2},"end":{"line":273,"column":null}},"53":{"start":{"line":140,"column":63},"end":{"line":140,"column":80}},"54":{"start":{"line":170,"column":22},"end":{"line":170,"column":null}},"55":{"start":{"line":191,"column":31},"end":{"line":191,"column":null}},"56":{"start":{"line":202,"column":33},"end":{"line":202,"column":null}},"57":{"start":{"line":211,"column":33},"end":{"line":211,"column":83}},"58":{"start":{"line":227,"column":33},"end":{"line":227,"column":null}},"59":{"start":{"line":236,"column":33},"end":{"line":236,"column":null}},"60":{"start":{"line":247,"column":33},"end":{"line":247,"column":81}},"61":{"start":{"line":262,"column":33},"end":{"line":262,"column":null}}},"fnMap":{"0":{"name":"MasterView","decl":{"start":{"line":12,"column":24},"end":{"line":12,"column":37}},"loc":{"start":{"line":12,"column":37},"end":{"line":273,"column":null}},"line":12},"1":{"name":"(anonymous_1)","decl":{"start":{"line":23,"column":8},"end":{"line":23,"column":27}},"loc":{"start":{"line":23,"column":42},"end":{"line":32,"column":null}},"line":23},"2":{"name":"(anonymous_2)","decl":{"start":{"line":35,"column":8},"end":{"line":35,"column":33}},"loc":{"start":{"line":35,"column":33},"end":{"line":35,"column":54}},"line":35},"3":{"name":"(anonymous_3)","decl":{"start":{"line":37,"column":8},"end":{"line":37,"column":24}},"loc":{"start":{"line":37,"column":30},"end":{"line":51,"column":null}},"line":37},"4":{"name":"(anonymous_4)","decl":{"start":{"line":54,"column":8},"end":{"line":54,"column":24}},"loc":{"start":{"line":54,"column":31},"end":{"line":56,"column":null}},"line":54},"5":{"name":"(anonymous_5)","decl":{"start":{"line":60,"column":27},"end":{"line":60,"column":39}},"loc":{"start":{"line":60,"column":39},"end":{"line":61,"column":null}},"line":60},"6":{"name":"(anonymous_6)","decl":{"start":{"line":61,"column":80},"end":{"line":61,"column":92}},"loc":{"start":{"line":61,"column":92},"end":{"line":61,"column":95}},"line":61},"7":{"name":"(anonymous_7)","decl":{"start":{"line":64,"column":26},"end":{"line":64,"column":38}},"loc":{"start":{"line":64,"column":38},"end":{"line":65,"column":null}},"line":64},"8":{"name":"(anonymous_8)","decl":{"start":{"line":65,"column":79},"end":{"line":65,"column":91}},"loc":{"start":{"line":65,"column":91},"end":{"line":65,"column":94}},"line":65},"9":{"name":"(anonymous_9)","decl":{"start":{"line":69,"column":47},"end":{"line":69,"column":56}},"loc":{"start":{"line":69,"column":64},"end":{"line":69,"column":113}},"line":69},"10":{"name":"(anonymous_10)","decl":{"start":{"line":72,"column":28},"end":{"line":72,"column":37}},"loc":{"start":{"line":73,"column":6},"end":{"line":75,"column":null}},"line":73},"11":{"name":"(anonymous_11)","decl":{"start":{"line":80,"column":23},"end":{"line":80,"column":32}},"loc":{"start":{"line":80,"column":40},"end":{"line":87,"column":null}},"line":80},"12":{"name":"(anonymous_12)","decl":{"start":{"line":91,"column":8},"end":{"line":91,"column":25}},"loc":{"start":{"line":92,"column":4},"end":{"line":102,"column":null}},"line":92},"13":{"name":"(anonymous_13)","decl":{"start":{"line":93,"column":43},"end":{"line":93,"column":58}},"loc":{"start":{"line":93,"column":58},"end":{"line":93,"column":78}},"line":93},"14":{"name":"(anonymous_14)","decl":{"start":{"line":96,"column":43},"end":{"line":96,"column":58}},"loc":{"start":{"line":96,"column":58},"end":{"line":96,"column":88}},"line":96},"15":{"name":"(anonymous_15)","decl":{"start":{"line":99,"column":68},"end":{"line":99,"column":83}},"loc":{"start":{"line":99,"column":83},"end":{"line":99,"column":103}},"line":99},"16":{"name":"(anonymous_16)","decl":{"start":{"line":106,"column":20},"end":{"line":106,"column":34}},"loc":{"start":{"line":106,"column":34},"end":{"line":115,"column":6}},"line":106},"17":{"name":"(anonymous_17)","decl":{"start":{"line":108,"column":17},"end":{"line":108,"column":25}},"loc":{"start":{"line":108,"column":32},"end":{"line":110,"column":null}},"line":108},"18":{"name":"(anonymous_18)","decl":{"start":{"line":111,"column":34},"end":{"line":111,"column":39}},"loc":{"start":{"line":111,"column":60},"end":{"line":114,"column":7}},"line":111},"19":{"name":"(anonymous_19)","decl":{"start":{"line":114,"column":8},"end":{"line":114,"column":15}},"loc":{"start":{"line":114,"column":23},"end":{"line":114,"column":38}},"line":114},"20":{"name":"(anonymous_20)","decl":{"start":{"line":140,"column":48},"end":{"line":140,"column":63}},"loc":{"start":{"line":140,"column":63},"end":{"line":140,"column":80}},"line":140},"21":{"name":"(anonymous_21)","decl":{"start":{"line":169,"column":31},"end":{"line":169,"column":36}},"loc":{"start":{"line":170,"column":22},"end":{"line":170,"column":null}},"line":170},"22":{"name":"(anonymous_22)","decl":{"start":{"line":191,"column":14},"end":{"line":191,"column":25}},"loc":{"start":{"line":191,"column":31},"end":{"line":191,"column":null}},"line":191},"23":{"name":"(anonymous_23)","decl":{"start":{"line":202,"column":16},"end":{"line":202,"column":27}},"loc":{"start":{"line":202,"column":33},"end":{"line":202,"column":null}},"line":202},"24":{"name":"(anonymous_24)","decl":{"start":{"line":211,"column":16},"end":{"line":211,"column":27}},"loc":{"start":{"line":211,"column":33},"end":{"line":211,"column":83}},"line":211},"25":{"name":"(anonymous_25)","decl":{"start":{"line":227,"column":16},"end":{"line":227,"column":27}},"loc":{"start":{"line":227,"column":33},"end":{"line":227,"column":null}},"line":227},"26":{"name":"(anonymous_26)","decl":{"start":{"line":236,"column":16},"end":{"line":236,"column":27}},"loc":{"start":{"line":236,"column":33},"end":{"line":236,"column":null}},"line":236},"27":{"name":"(anonymous_27)","decl":{"start":{"line":247,"column":16},"end":{"line":247,"column":27}},"loc":{"start":{"line":247,"column":33},"end":{"line":247,"column":81}},"line":247},"28":{"name":"(anonymous_28)","decl":{"start":{"line":262,"column":16},"end":{"line":262,"column":27}},"loc":{"start":{"line":262,"column":33},"end":{"line":262,"column":null}},"line":262}},"branchMap":{"0":{"loc":{"start":{"line":23,"column":27},"end":{"line":23,"column":42}},"type":"default-arg","locations":[{"start":{"line":23,"column":33},"end":{"line":23,"column":42}}],"line":23},"1":{"loc":{"start":{"line":25,"column":4},"end":{"line":30,"column":null}},"type":"if","locations":[{"start":{"line":25,"column":4},"end":{"line":30,"column":null}},{"start":{"line":28,"column":11},"end":{"line":30,"column":null}}],"line":25},"2":{"loc":{"start":{"line":41,"column":4},"end":{"line":43,"column":null}},"type":"if","locations":[{"start":{"line":41,"column":4},"end":{"line":43,"column":null}},{"start":{},"end":{}}],"line":41},"3":{"loc":{"start":{"line":46,"column":4},"end":{"line":49,"column":null}},"type":"if","locations":[{"start":{"line":46,"column":4},"end":{"line":49,"column":null}},{"start":{"line":48,"column":11},"end":{"line":49,"column":null}}],"line":46},"4":{"loc":{"start":{"line":55,"column":4},"end":{"line":56,"column":null}},"type":"if","locations":[{"start":{"line":55,"column":4},"end":{"line":56,"column":null}},{"start":{},"end":{}}],"line":55},"5":{"loc":{"start":{"line":81,"column":28},"end":{"line":86,"column":null}},"type":"binary-expr","locations":[{"start":{"line":81,"column":28},"end":{"line":86,"column":23}},{"start":{"line":86,"column":23},"end":{"line":86,"column":null}}],"line":81},"6":{"loc":{"start":{"line":109,"column":8},"end":{"line":109,"column":null}},"type":"if","locations":[{"start":{"line":109,"column":8},"end":{"line":109,"column":null}},{"start":{},"end":{}}],"line":109},"7":{"loc":{"start":{"line":121,"column":7},"end":{"line":123,"column":null}},"type":"binary-expr","locations":[{"start":{"line":121,"column":7},"end":{"line":121,"column":null}},{"start":{"line":122,"column":8},"end":{"line":123,"column":null}}],"line":121},"8":{"loc":{"start":{"line":183,"column":15},"end":{"line":183,"column":null}},"type":"cond-expr","locations":[{"start":{"line":183,"column":28},"end":{"line":183,"column":53}},{"start":{"line":183,"column":53},"end":{"line":183,"column":null}}],"line":183},"9":{"loc":{"start":{"line":193,"column":13},"end":{"line":193,"column":null}},"type":"binary-expr","locations":[{"start":{"line":193,"column":13},"end":{"line":193,"column":35}},{"start":{"line":193,"column":35},"end":{"line":193,"column":null}}],"line":193},"10":{"loc":{"start":{"line":204,"column":15},"end":{"line":204,"column":null}},"type":"binary-expr","locations":[{"start":{"line":204,"column":15},"end":{"line":204,"column":33}},{"start":{"line":204,"column":33},"end":{"line":204,"column":null}}],"line":204},"11":{"loc":{"start":{"line":229,"column":15},"end":{"line":229,"column":null}},"type":"binary-expr","locations":[{"start":{"line":229,"column":15},"end":{"line":229,"column":30}},{"start":{"line":229,"column":30},"end":{"line":229,"column":null}}],"line":229},"12":{"loc":{"start":{"line":238,"column":15},"end":{"line":238,"column":null}},"type":"binary-expr","locations":[{"start":{"line":238,"column":15},"end":{"line":238,"column":30}},{"start":{"line":238,"column":30},"end":{"line":238,"column":null}}],"line":238},"13":{"loc":{"start":{"line":255,"column":15},"end":{"line":255,"column":null}},"type":"binary-expr","locations":[{"start":{"line":255,"column":15},"end":{"line":255,"column":30}},{"start":{"line":255,"column":30},"end":{"line":255,"column":null}}],"line":255},"14":{"loc":{"start":{"line":264,"column":15},"end":{"line":264,"column":null}},"type":"binary-expr","locations":[{"start":{"line":264,"column":15},"end":{"line":264,"column":32}},{"start":{"line":264,"column":32},"end":{"line":264,"column":null}}],"line":264}},"s":{"0":6,"1":6,"2":6,"3":6,"4":6,"5":6,"6":6,"7":2,"8":2,"9":0,"10":0,"11":2,"12":2,"13":2,"14":6,"15":0,"16":6,"17":1,"18":1,"19":1,"20":1,"21":1,"22":0,"23":0,"24":0,"25":0,"26":6,"27":0,"28":0,"29":6,"30":0,"31":6,"32":0,"33":6,"34":30,"35":30,"36":30,"37":30,"38":6,"39":30,"40":0,"41":0,"42":0,"43":6,"44":3,"45":3,"46":21,"47":21,"48":3,"49":12,"50":12,"51":6,"52":6,"53":2,"54":18,"55":0,"56":0,"57":0,"58":0,"59":0,"60":0,"61":0},"f":{"0":6,"1":2,"2":0,"3":1,"4":0,"5":0,"6":0,"7":0,"8":0,"9":30,"10":30,"11":30,"12":30,"13":0,"14":0,"15":0,"16":3,"17":21,"18":12,"19":12,"20":2,"21":18,"22":0,"23":0,"24":0,"25":0,"26":0,"27":0,"28":0},"b":{"0":[2],"1":[0,2],"2":[1,0],"3":[0,0],"4":[0,0],"5":[30,0],"6":[21,0],"7":[6,0],"8":[0,6],"9":[6,1],"10":[6,1],"11":[6,1],"12":[6,1],"13":[6,1],"14":[6,1]},"meta":{"lastBranch":15,"lastFunction":29,"lastStatement":62,"seen":{"f:12:24:12:37":0,"s:13:78:13:101":0,"s:14:8:14:32":1,"s:16:22:16:55":2,"s:17:21:17:52":3,"s:18:19:20:4":4,"s:21:17:21:42":5,"s:23:8:32:Infinity":6,"f:23:8:23:27":1,"b:23:33:23:42":0,"s:24:4:24:Infinity":7,"b:25:4:30:Infinity:28:11:30:Infinity":1,"s:25:4:30:Infinity":8,"s:26:6:26:Infinity":9,"s:27:6:27:Infinity":10,"s:29:6:29:Infinity":11,"s:30:6:30:Infinity":12,"s:32:4:32:Infinity":13,"s:35:8:35:54":14,"f:35:8:35:33":2,"s:35:33:35:54":15,"s:37:8:51:Infinity":16,"f:37:8:37:24":3,"s:38:4:38:Infinity":17,"s:39:10:39:52":18,"b:41:4:43:Infinity:undefined:undefined:undefined:undefined":2,"s:41:4:43:Infinity":19,"s:42:6:42:Infinity":20,"s:43:6:43:Infinity":21,"b:46:4:49:Infinity:48:11:49:Infinity":3,"s:46:4:49:Infinity":22,"s:47:6:47:Infinity":23,"s:49:6:49:Infinity":24,"s:51:4:51:Infinity":25,"s:54:8:56:Infinity":26,"f:54:8:54:24":4,"b:55:4:56:Infinity:undefined:undefined:undefined:undefined":4,"s:55:4:56:Infinity":27,"s:56:6:56:Infinity":28,"s:60:27:61:Infinity":29,"f:60:27:60:39":5,"s:61:4:61:Infinity":30,"f:61:80:61:92":6,"s:64:26:65:Infinity":31,"f:64:26:64:38":7,"s:65:4:65:Infinity":32,"f:65:79:65:91":8,"s:68:18:89:Infinity":33,"f:69:47:69:56":9,"s:69:64:69:113":34,"f:72:28:72:37":10,"s:73:6:75:Infinity":35,"f:80:23:80:32":11,"s:81:28:86:Infinity":36,"b:81:28:86:23:86:23:86:Infinity":5,"s:87:6:87:Infinity":37,"s:91:8:102:Infinity":38,"f:91:8:91:25":12,"s:92:4:102:Infinity":39,"f:93:43:93:58":13,"s:93:58:93:78":40,"f:96:43:96:58":14,"s:96:58:96:88":41,"f:99:68:99:83":15,"s:99:83:99:103":42,"s:106:8:115:20":43,"f:106:20:106:34":16,"s:107:19:107:Infinity":44,"s:108:4:110:Infinity":45,"f:108:17:108:25":17,"b:109:8:109:Infinity:undefined:undefined:undefined:undefined":6,"s:109:8:109:Infinity":46,"s:109:45:109:Infinity":47,"s:111:4:114:Infinity":48,"f:111:34:111:39":18,"s:111:60:114:7":49,"f:114:8:114:15":19,"s:114:23:114:38":50,"s:117:17:117:Infinity":51,"s:119:2:273:Infinity":52,"b:121:7:121:Infinity:122:8:123:Infinity":7,"f:140:48:140:63":20,"s:140:63:140:80":53,"f:169:31:169:36":21,"s:170:22:170:Infinity":54,"b:183:28:183:53:183:53:183:Infinity":8,"f:191:14:191:25":22,"s:191:31:191:Infinity":55,"b:193:13:193:35:193:35:193:Infinity":9,"f:202:16:202:27":23,"s:202:33:202:Infinity":56,"b:204:15:204:33:204:33:204:Infinity":10,"f:211:16:211:27":24,"s:211:33:211:83":57,"f:227:16:227:27":25,"s:227:33:227:Infinity":58,"b:229:15:229:30:229:30:229:Infinity":11,"f:236:16:236:27":26,"s:236:33:236:Infinity":59,"b:238:15:238:30:238:30:238:Infinity":12,"f:247:16:247:27":27,"s:247:33:247:81":60,"b:255:15:255:30:255:30:255:Infinity":13,"f:262:16:262:27":28,"s:262:33:262:Infinity":61,"b:264:15:264:32:264:32:264:Infinity":14}}}
,"/Users/ioan-one/Documents/Detal Clinic(MPP)/dental-clinic-app/src/pages/MasterView.module.css": {"path":"/Users/ioan-one/Documents/Detal Clinic(MPP)/dental-clinic-app/src/pages/MasterView.module.css","statementMap":{},"fnMap":{},"branchMap":{},"s":{},"f":{},"b":{},"meta":{"lastBranch":0,"lastFunction":0,"lastStatement":0,"seen":{}}}
,"/Users/ioan-one/Documents/Detal Clinic(MPP)/dental-clinic-app/src/services/ValidationService.js": {"path":"/Users/ioan-one/Documents/Detal Clinic(MPP)/dental-clinic-app/src/services/ValidationService.js","statementMap":{"0":{"start":{"line":1,"column":13},"end":{"line":33,"column":null}},"1":{"start":{"line":2,"column":17},"end":{"line":2,"column":19}},"2":{"start":{"line":4,"column":2},"end":{"line":5,"column":null}},"3":{"start":{"line":5,"column":4},"end":{"line":5,"column":null}},"4":{"start":{"line":8,"column":21},"end":{"line":8,"column":null}},"5":{"start":{"line":9,"column":25},"end":{"line":9,"column":null}},"6":{"start":{"line":10,"column":2},"end":{"line":11,"column":null}},"7":{"start":{"line":11,"column":4},"end":{"line":11,"column":null}},"8":{"start":{"line":14,"column":2},"end":{"line":15,"column":null}},"9":{"start":{"line":15,"column":4},"end":{"line":15,"column":null}},"10":{"start":{"line":18,"column":2},"end":{"line":19,"column":null}},"11":{"start":{"line":19,"column":4},"end":{"line":19,"column":null}},"12":{"start":{"line":22,"column":2},"end":{"line":23,"column":null}},"13":{"start":{"line":23,"column":4},"end":{"line":23,"column":null}},"14":{"start":{"line":26,"column":2},"end":{"line":27,"column":null}},"15":{"start":{"line":27,"column":4},"end":{"line":27,"column":null}},"16":{"start":{"line":30,"column":2},"end":{"line":33,"column":null}}},"fnMap":{"0":{"name":"(anonymous_0)","decl":{"start":{"line":1,"column":13},"end":{"line":1,"column":36}},"loc":{"start":{"line":1,"column":52},"end":{"line":33,"column":null}},"line":1}},"branchMap":{"0":{"loc":{"start":{"line":4,"column":2},"end":{"line":5,"column":null}},"type":"if","locations":[{"start":{"line":4,"column":2},"end":{"line":5,"column":null}},{"start":{},"end":{}}],"line":4},"1":{"loc":{"start":{"line":4,"column":6},"end":{"line":4,"column":73}},"type":"binary-expr","locations":[{"start":{"line":4,"column":6},"end":{"line":4,"column":34}},{"start":{"line":4,"column":34},"end":{"line":4,"column":73}}],"line":4},"2":{"loc":{"start":{"line":8,"column":21},"end":{"line":8,"column":null}},"type":"cond-expr","locations":[{"start":{"line":8,"column":43},"end":{"line":8,"column":88}},{"start":{"line":8,"column":91},"end":{"line":8,"column":null}}],"line":8},"3":{"loc":{"start":{"line":10,"column":2},"end":{"line":11,"column":null}},"type":"if","locations":[{"start":{"line":10,"column":2},"end":{"line":11,"column":null}},{"start":{},"end":{}}],"line":10},"4":{"loc":{"start":{"line":10,"column":6},"end":{"line":10,"column":124}},"type":"binary-expr","locations":[{"start":{"line":10,"column":6},"end":{"line":10,"column":30}},{"start":{"line":10,"column":30},"end":{"line":10,"column":71}},{"start":{"line":10,"column":75},"end":{"line":10,"column":100}},{"start":{"line":10,"column":100},"end":{"line":10,"column":124}}],"line":10},"5":{"loc":{"start":{"line":14,"column":2},"end":{"line":15,"column":null}},"type":"if","locations":[{"start":{"line":14,"column":2},"end":{"line":15,"column":null}},{"start":{},"end":{}}],"line":14},"6":{"loc":{"start":{"line":18,"column":2},"end":{"line":19,"column":null}},"type":"if","locations":[{"start":{"line":18,"column":2},"end":{"line":19,"column":null}},{"start":{},"end":{}}],"line":18},"7":{"loc":{"start":{"line":22,"column":2},"end":{"line":23,"column":null}},"type":"if","locations":[{"start":{"line":22,"column":2},"end":{"line":23,"column":null}},{"start":{},"end":{}}],"line":22},"8":{"loc":{"start":{"line":22,"column":6},"end":{"line":22,"column":59}},"type":"binary-expr","locations":[{"start":{"line":22,"column":6},"end":{"line":22,"column":27}},{"start":{"line":22,"column":27},"end":{"line":22,"column":59}}],"line":22},"9":{"loc":{"start":{"line":26,"column":2},"end":{"line":27,"column":null}},"type":"if","locations":[{"start":{"line":26,"column":2},"end":{"line":27,"column":null}},{"start":{},"end":{}}],"line":26},"10":{"loc":{"start":{"line":26,"column":6},"end":{"line":26,"column":63}},"type":"binary-expr","locations":[{"start":{"line":26,"column":6},"end":{"line":26,"column":29}},{"start":{"line":26,"column":29},"end":{"line":26,"column":63}}],"line":26}},"s":{"0":2,"1":5,"2":5,"3":2,"4":5,"5":5,"6":5,"7":4,"8":5,"9":2,"10":5,"11":2,"12":5,"13":2,"14":5,"15":2,"16":5},"f":{"0":5},"b":{"0":[2,3],"1":[5,3],"2":[4,1],"3":[4,1],"4":[5,4,3,1],"5":[2,3],"6":[2,3],"7":[2,3],"8":[5,3],"9":[2,3],"10":[5,3]},"meta":{"lastBranch":11,"lastFunction":1,"lastStatement":17,"seen":{"s:1:13:33:Infinity":0,"f:1:13:1:36":0,"s:2:17:2:19":1,"b:4:2:5:Infinity:undefined:undefined:undefined:undefined":0,"s:4:2:5:Infinity":2,"b:4:6:4:34:4:34:4:73":1,"s:5:4:5:Infinity":3,"s:8:21:8:Infinity":4,"b:8:43:8:88:8:91:8:Infinity":2,"s:9:25:9:Infinity":5,"b:10:2:11:Infinity:undefined:undefined:undefined:undefined":3,"s:10:2:11:Infinity":6,"b:10:6:10:30:10:30:10:71:10:75:10:100:10:100:10:124":4,"s:11:4:11:Infinity":7,"b:14:2:15:Infinity:undefined:undefined:undefined:undefined":5,"s:14:2:15:Infinity":8,"s:15:4:15:Infinity":9,"b:18:2:19:Infinity:undefined:undefined:undefined:undefined":6,"s:18:2:19:Infinity":10,"s:19:4:19:Infinity":11,"b:22:2:23:Infinity:undefined:undefined:undefined:undefined":7,"s:22:2:23:Infinity":12,"b:22:6:22:27:22:27:22:59":8,"s:23:4:23:Infinity":13,"b:26:2:27:Infinity:undefined:undefined:undefined:undefined":9,"s:26:2:27:Infinity":14,"b:26:6:26:29:26:29:26:63":10,"s:27:4:27:Infinity":15,"s:30:2:33:Infinity":16}}}
,"/Users/ioan-one/Documents/Detal Clinic(MPP)/dental-clinic-app/src/store/DataStore.jsx": {"path":"/Users/ioan-one/Documents/Detal Clinic(MPP)/dental-clinic-app/src/store/DataStore.jsx","statementMap":{"0":{"start":{"line":4,"column":6},"end":{"line":4,"column":39}},"1":{"start":{"line":6,"column":23},"end":{"line":6,"column":null}},"2":{"start":{"line":7,"column":18},"end":{"line":7,"column":null}},"3":{"start":{"line":9,"column":6},"end":{"line":14,"column":null}},"4":{"start":{"line":10,"column":2},"end":{"line":14,"column":null}},"5":{"start":{"line":11,"column":16},"end":{"line":11,"column":48}},"6":{"start":{"line":12,"column":4},"end":{"line":12,"column":null}},"7":{"start":{"line":14,"column":4},"end":{"line":14,"column":null}},"8":{"start":{"line":18,"column":6},"end":{"line":19,"column":null}},"9":{"start":{"line":19,"column":2},"end":{"line":19,"column":null}},"10":{"start":{"line":19,"column":8},"end":{"line":19,"column":74}},"11":{"start":{"line":22,"column":13},"end":{"line":174,"column":null}},"12":{"start":{"line":23,"column":23},"end":{"line":23,"column":102}},"13":{"start":{"line":23,"column":57},"end":{"line":23,"column":101}},"14":{"start":{"line":24,"column":19},"end":{"line":24,"column":59}},"15":{"start":{"line":25,"column":20},"end":{"line":25,"column":106}},"16":{"start":{"line":27,"column":2},"end":{"line":29,"column":null}},"17":{"start":{"line":28,"column":4},"end":{"line":28,"column":null}},"18":{"start":{"line":31,"column":2},"end":{"line":63,"column":null}},"19":{"start":{"line":32,"column":4},"end":{"line":32,"column":null}},"20":{"start":{"line":32,"column":39},"end":{"line":32,"column":null}},"21":{"start":{"line":34,"column":10},"end":{"line":34,"column":null}},"22":{"start":{"line":34,"column":33},"end":{"line":34,"column":54}},"23":{"start":{"line":34,"column":54},"end":{"line":34,"column":null}},"24":{"start":{"line":35,"column":10},"end":{"line":35,"column":50}},"25":{"start":{"line":35,"column":32},"end":{"line":35,"column":50}},"26":{"start":{"line":37,"column":4},"end":{"line":37,"column":null}},"27":{"start":{"line":38,"column":4},"end":{"line":38,"column":null}},"28":{"start":{"line":40,"column":4},"end":{"line":40,"column":null}},"29":{"start":{"line":43,"column":4},"end":{"line":56,"column":null}},"30":{"start":{"line":44,"column":6},"end":{"line":44,"column":null}},"31":{"start":{"line":45,"column":6},"end":{"line":54,"column":null}},"32":{"start":{"line":46,"column":10},"end":{"line":54,"column":null}},"33":{"start":{"line":47,"column":27},"end":{"line":47,"column":49}},"34":{"start":{"line":48,"column":14},"end":{"line":52,"column":null}},"35":{"start":{"line":49,"column":18},"end":{"line":52,"column":null}},"36":{"start":{"line":50,"column":38},"end":{"line":50,"column":64}},"37":{"start":{"line":51,"column":22},"end":{"line":51,"column":null}},"38":{"start":{"line":58,"column":4},"end":{"line":61,"column":null}},"39":{"start":{"line":59,"column":6},"end":{"line":59,"column":null}},"40":{"start":{"line":60,"column":6},"end":{"line":60,"column":null}},"41":{"start":{"line":61,"column":6},"end":{"line":61,"column":null}},"42":{"start":{"line":61,"column":14},"end":{"line":61,"column":null}},"43":{"start":{"line":65,"column":28},"end":{"line":78,"column":null}},"44":{"start":{"line":66,"column":4},"end":{"line":78,"column":null}},"45":{"start":{"line":67,"column":18},"end":{"line":67,"column":71}},"46":{"start":{"line":68,"column":6},"end":{"line":75,"column":null}},"47":{"start":{"line":69,"column":21},"end":{"line":69,"column":37}},"48":{"start":{"line":70,"column":8},"end":{"line":71,"column":null}},"49":{"start":{"line":71,"column":12},"end":{"line":71,"column":null}},"50":{"start":{"line":73,"column":8},"end":{"line":73,"column":null}},"51":{"start":{"line":75,"column":8},"end":{"line":75,"column":null}},"52":{"start":{"line":78,"column":6},"end":{"line":78,"column":null}},"53":{"start":{"line":82,"column":20},"end":{"line":102,"column":null}},"54":{"start":{"line":83,"column":18},"end":{"line":83,"column":50}},"55":{"start":{"line":84,"column":4},"end":{"line":84,"column":null}},"56":{"start":{"line":84,"column":28},"end":{"line":84,"column":null}},"57":{"start":{"line":86,"column":27},"end":{"line":86,"column":29}},"58":{"start":{"line":88,"column":4},"end":{"line":96,"column":null}},"59":{"start":{"line":89,"column":6},"end":{"line":96,"column":null}},"60":{"start":{"line":90,"column":8},"end":{"line":94,"column":null}},"61":{"start":{"line":96,"column":8},"end":{"line":96,"column":null}},"62":{"start":{"line":100,"column":4},"end":{"line":100,"column":null}},"63":{"start":{"line":101,"column":4},"end":{"line":102,"column":null}},"64":{"start":{"line":102,"column":8},"end":{"line":102,"column":null}},"65":{"start":{"line":106,"column":8},"end":{"line":110,"column":null}},"66":{"start":{"line":107,"column":20},"end":{"line":107,"column":52}},"67":{"start":{"line":108,"column":6},"end":{"line":108,"column":null}},"68":{"start":{"line":109,"column":6},"end":{"line":109,"column":null}},"69":{"start":{"line":110,"column":6},"end":{"line":110,"column":null}},"70":{"start":{"line":113,"column":25},"end":{"line":129,"column":null}},"71":{"start":{"line":114,"column":19},"end":{"line":114,"column":null}},"72":{"start":{"line":115,"column":19},"end":{"line":115,"column":null}},"73":{"start":{"line":117,"column":4},"end":{"line":117,"column":null}},"74":{"start":{"line":117,"column":28},"end":{"line":117,"column":45}},"75":{"start":{"line":119,"column":4},"end":{"line":129,"column":null}},"76":{"start":{"line":120,"column":20},"end":{"line":124,"column":10}},"77":{"start":{"line":125,"column":8},"end":{"line":125,"column":null}},"78":{"start":{"line":125,"column":21},"end":{"line":125,"column":null}},"79":{"start":{"line":126,"column":24},"end":{"line":126,"column":40}},"80":{"start":{"line":127,"column":8},"end":{"line":127,"column":null}},"81":{"start":{"line":127,"column":32},"end":{"line":127,"column":76}},"82":{"start":{"line":127,"column":46},"end":{"line":127,"column":76}},"83":{"start":{"line":129,"column":8},"end":{"line":129,"column":null}},"84":{"start":{"line":133,"column":28},"end":{"line":146,"column":null}},"85":{"start":{"line":134,"column":4},"end":{"line":134,"column":null}},"86":{"start":{"line":134,"column":28},"end":{"line":134,"column":95}},"87":{"start":{"line":134,"column":44},"end":{"line":134,"column":95}},"88":{"start":{"line":136,"column":4},"end":{"line":136,"column":null}},"89":{"start":{"line":136,"column":43},"end":{"line":136,"column":null}},"90":{"start":{"line":138,"column":4},"end":{"line":146,"column":null}},"91":{"start":{"line":139,"column":20},"end":{"line":143,"column":10}},"92":{"start":{"line":144,"column":8},"end":{"line":144,"column":null}},"93":{"start":{"line":144,"column":21},"end":{"line":144,"column":null}},"94":{"start":{"line":146,"column":8},"end":{"line":146,"column":null}},"95":{"start":{"line":150,"column":28},"end":{"line":161,"column":null}},"96":{"start":{"line":151,"column":4},"end":{"line":151,"column":null}},"97":{"start":{"line":151,"column":28},"end":{"line":151,"column":61}},"98":{"start":{"line":151,"column":47},"end":{"line":151,"column":61}},"99":{"start":{"line":153,"column":4},"end":{"line":153,"column":null}},"100":{"start":{"line":153,"column":43},"end":{"line":153,"column":null}},"101":{"start":{"line":155,"column":4},"end":{"line":161,"column":null}},"102":{"start":{"line":156,"column":20},"end":{"line":158,"column":10}},"103":{"start":{"line":159,"column":8},"end":{"line":159,"column":null}},"104":{"start":{"line":159,"column":21},"end":{"line":159,"column":null}},"105":{"start":{"line":161,"column":8},"end":{"line":161,"column":null}},"106":{"start":{"line":165,"column":8},"end":{"line":165,"column":76}},"107":{"start":{"line":165,"column":37},"end":{"line":165,"column":76}},"108":{"start":{"line":165,"column":62},"end":{"line":165,"column":76}},"109":{"start":{"line":166,"column":8},"end":{"line":166,"column":64}},"110":{"start":{"line":166,"column":33},"end":{"line":166,"column":64}},"111":{"start":{"line":166,"column":52},"end":{"line":166,"column":64}},"112":{"start":{"line":168,"column":2},"end":{"line":174,"column":null}},"113":{"start":{"line":178,"column":13},"end":{"line":178,"column":52}}},"fnMap":{"0":{"name":"(anonymous_0)","decl":{"start":{"line":9,"column":6},"end":{"line":9,"column":22}},"loc":{"start":{"line":9,"column":40},"end":{"line":14,"column":null}},"line":9},"1":{"name":"(anonymous_1)","decl":{"start":{"line":18,"column":6},"end":{"line":18,"column":22}},"loc":{"start":{"line":18,"column":37},"end":{"line":19,"column":null}},"line":18},"2":{"name":"(anonymous_2)","decl":{"start":{"line":22,"column":13},"end":{"line":22,"column":29}},"loc":{"start":{"line":22,"column":46},"end":{"line":174,"column":null}},"line":22},"3":{"name":"(anonymous_3)","decl":{"start":{"line":23,"column":42},"end":{"line":23,"column":57}},"loc":{"start":{"line":23,"column":57},"end":{"line":23,"column":101}},"line":23},"4":{"name":"(anonymous_4)","decl":{"start":{"line":27,"column":2},"end":{"line":27,"column":18}},"loc":{"start":{"line":27,"column":18},"end":{"line":29,"column":6}},"line":27},"5":{"name":"(anonymous_5)","decl":{"start":{"line":31,"column":2},"end":{"line":31,"column":18}},"loc":{"start":{"line":31,"column":18},"end":{"line":63,"column":7}},"line":31},"6":{"name":"(anonymous_6)","decl":{"start":{"line":34,"column":10},"end":{"line":34,"column":31}},"loc":{"start":{"line":34,"column":31},"end":{"line":34,"column":null}},"line":34},"7":{"name":"(anonymous_7)","decl":{"start":{"line":35,"column":10},"end":{"line":35,"column":32}},"loc":{"start":{"line":35,"column":32},"end":{"line":35,"column":50}},"line":35},"8":{"name":"(anonymous_8)","decl":{"start":{"line":45,"column":9},"end":{"line":45,"column":22}},"loc":{"start":{"line":45,"column":32},"end":{"line":54,"column":null}},"line":45},"9":{"name":"(anonymous_9)","decl":{"start":{"line":49,"column":18},"end":{"line":49,"column":34}},"loc":{"start":{"line":49,"column":42},"end":{"line":52,"column":null}},"line":49},"10":{"name":"(anonymous_10)","decl":{"start":{"line":58,"column":4},"end":{"line":58,"column":17}},"loc":{"start":{"line":58,"column":17},"end":{"line":61,"column":null}},"line":58},"11":{"name":"(anonymous_11)","decl":{"start":{"line":65,"column":28},"end":{"line":65,"column":40}},"loc":{"start":{"line":65,"column":40},"end":{"line":78,"column":null}},"line":65},"12":{"name":"(anonymous_12)","decl":{"start":{"line":82,"column":20},"end":{"line":82,"column":32}},"loc":{"start":{"line":82,"column":32},"end":{"line":102,"column":null}},"line":82},"13":{"name":"(anonymous_13)","decl":{"start":{"line":106,"column":8},"end":{"line":106,"column":22}},"loc":{"start":{"line":106,"column":46},"end":{"line":110,"column":null}},"line":106},"14":{"name":"(anonymous_14)","decl":{"start":{"line":113,"column":25},"end":{"line":113,"column":32}},"loc":{"start":{"line":113,"column":48},"end":{"line":129,"column":null}},"line":113},"15":{"name":"(anonymous_15)","decl":{"start":{"line":117,"column":4},"end":{"line":117,"column":20}},"loc":{"start":{"line":117,"column":28},"end":{"line":117,"column":45}},"line":117},"16":{"name":"(anonymous_16)","decl":{"start":{"line":127,"column":8},"end":{"line":127,"column":24}},"loc":{"start":{"line":127,"column":32},"end":{"line":127,"column":76}},"line":127},"17":{"name":"(anonymous_17)","decl":{"start":{"line":127,"column":37},"end":{"line":127,"column":41}},"loc":{"start":{"line":127,"column":46},"end":{"line":127,"column":76}},"line":127},"18":{"name":"(anonymous_18)","decl":{"start":{"line":133,"column":28},"end":{"line":133,"column":35}},"loc":{"start":{"line":133,"column":57},"end":{"line":146,"column":null}},"line":133},"19":{"name":"(anonymous_19)","decl":{"start":{"line":134,"column":4},"end":{"line":134,"column":20}},"loc":{"start":{"line":134,"column":28},"end":{"line":134,"column":95}},"line":134},"20":{"name":"(anonymous_20)","decl":{"start":{"line":134,"column":33},"end":{"line":134,"column":37}},"loc":{"start":{"line":134,"column":44},"end":{"line":134,"column":95}},"line":134},"21":{"name":"(anonymous_21)","decl":{"start":{"line":150,"column":28},"end":{"line":150,"column":35}},"loc":{"start":{"line":150,"column":42},"end":{"line":161,"column":null}},"line":150},"22":{"name":"(anonymous_22)","decl":{"start":{"line":151,"column":4},"end":{"line":151,"column":20}},"loc":{"start":{"line":151,"column":28},"end":{"line":151,"column":61}},"line":151},"23":{"name":"(anonymous_23)","decl":{"start":{"line":151,"column":33},"end":{"line":151,"column":40}},"loc":{"start":{"line":151,"column":47},"end":{"line":151,"column":61}},"line":151},"24":{"name":"(anonymous_24)","decl":{"start":{"line":165,"column":8},"end":{"line":165,"column":30}},"loc":{"start":{"line":165,"column":37},"end":{"line":165,"column":76}},"line":165},"25":{"name":"(anonymous_25)","decl":{"start":{"line":165,"column":50},"end":{"line":165,"column":55}},"loc":{"start":{"line":165,"column":62},"end":{"line":165,"column":76}},"line":165},"26":{"name":"(anonymous_26)","decl":{"start":{"line":166,"column":8},"end":{"line":166,"column":26}},"loc":{"start":{"line":166,"column":33},"end":{"line":166,"column":64}},"line":166},"27":{"name":"(anonymous_27)","decl":{"start":{"line":166,"column":42},"end":{"line":166,"column":47}},"loc":{"start":{"line":166,"column":52},"end":{"line":166,"column":64}},"line":166},"28":{"name":"(anonymous_28)","decl":{"start":{"line":178,"column":13},"end":{"line":178,"column":29}},"loc":{"start":{"line":178,"column":13},"end":{"line":178,"column":52}},"line":178}},"branchMap":{"0":{"loc":{"start":{"line":12,"column":11},"end":{"line":12,"column":null}},"type":"cond-expr","locations":[{"start":{"line":12,"column":17},"end":{"line":12,"column":32}},{"start":{"line":12,"column":35},"end":{"line":12,"column":null}}],"line":12},"1":{"loc":{"start":{"line":25,"column":45},"end":{"line":25,"column":106}},"type":"cond-expr","locations":[{"start":{"line":25,"column":80},"end":{"line":25,"column":100}},{"start":{"line":25,"column":100},"end":{"line":25,"column":106}}],"line":25},"2":{"loc":{"start":{"line":32,"column":4},"end":{"line":32,"column":null}},"type":"if","locations":[{"start":{"line":32,"column":4},"end":{"line":32,"column":null}},{"start":{},"end":{}}],"line":32},"3":{"loc":{"start":{"line":48,"column":14},"end":{"line":52,"column":null}},"type":"if","locations":[{"start":{"line":48,"column":14},"end":{"line":52,"column":null}},{"start":{},"end":{}}],"line":48},"4":{"loc":{"start":{"line":61,"column":6},"end":{"line":61,"column":null}},"type":"if","locations":[{"start":{"line":61,"column":6},"end":{"line":61,"column":null}},{"start":{},"end":{}}],"line":61},"5":{"loc":{"start":{"line":68,"column":6},"end":{"line":75,"column":null}},"type":"if","locations":[{"start":{"line":68,"column":6},"end":{"line":75,"column":null}},{"start":{"line":74,"column":13},"end":{"line":75,"column":null}}],"line":68},"6":{"loc":{"start":{"line":70,"column":8},"end":{"line":71,"column":null}},"type":"if","locations":[{"start":{"line":70,"column":8},"end":{"line":71,"column":null}},{"start":{},"end":{}}],"line":70},"7":{"loc":{"start":{"line":70,"column":12},"end":{"line":70,"column":37}},"type":"binary-expr","locations":[{"start":{"line":70,"column":12},"end":{"line":70,"column":20}},{"start":{"line":70,"column":20},"end":{"line":70,"column":37}}],"line":70},"8":{"loc":{"start":{"line":84,"column":4},"end":{"line":84,"column":null}},"type":"if","locations":[{"start":{"line":84,"column":4},"end":{"line":84,"column":null}},{"start":{},"end":{}}],"line":84},"9":{"loc":{"start":{"line":90,"column":61},"end":{"line":90,"column":108}},"type":"cond-expr","locations":[{"start":{"line":90,"column":86},"end":{"line":90,"column":91}},{"start":{"line":90,"column":91},"end":{"line":90,"column":108}}],"line":90},"10":{"loc":{"start":{"line":93,"column":18},"end":{"line":93,"column":null}},"type":"cond-expr","locations":[{"start":{"line":93,"column":45},"end":{"line":93,"column":73}},{"start":{"line":93,"column":76},"end":{"line":93,"column":null}}],"line":93},"11":{"loc":{"start":{"line":101,"column":4},"end":{"line":102,"column":null}},"type":"if","locations":[{"start":{"line":101,"column":4},"end":{"line":102,"column":null}},{"start":{},"end":{}}],"line":101},"12":{"loc":{"start":{"line":125,"column":8},"end":{"line":125,"column":null}},"type":"if","locations":[{"start":{"line":125,"column":8},"end":{"line":125,"column":null}},{"start":{},"end":{}}],"line":125},"13":{"loc":{"start":{"line":127,"column":46},"end":{"line":127,"column":76}},"type":"cond-expr","locations":[{"start":{"line":127,"column":64},"end":{"line":127,"column":74}},{"start":{"line":127,"column":74},"end":{"line":127,"column":76}}],"line":127},"14":{"loc":{"start":{"line":134,"column":44},"end":{"line":134,"column":95}},"type":"cond-expr","locations":[{"start":{"line":134,"column":60},"end":{"line":134,"column":91}},{"start":{"line":134,"column":91},"end":{"line":134,"column":95}}],"line":134},"15":{"loc":{"start":{"line":136,"column":4},"end":{"line":136,"column":null}},"type":"if","locations":[{"start":{"line":136,"column":4},"end":{"line":136,"column":null}},{"start":{},"end":{}}],"line":136},"16":{"loc":{"start":{"line":144,"column":8},"end":{"line":144,"column":null}},"type":"if","locations":[{"start":{"line":144,"column":8},"end":{"line":144,"column":null}},{"start":{},"end":{}}],"line":144},"17":{"loc":{"start":{"line":153,"column":4},"end":{"line":153,"column":null}},"type":"if","locations":[{"start":{"line":153,"column":4},"end":{"line":153,"column":null}},{"start":{},"end":{}}],"line":153},"18":{"loc":{"start":{"line":159,"column":8},"end":{"line":159,"column":null}},"type":"if","locations":[{"start":{"line":159,"column":8},"end":{"line":159,"column":null}},{"start":{},"end":{}}],"line":159}},"s":{"0":2,"1":2,"2":2,"3":2,"4":7,"5":7,"6":7,"7":7,"8":2,"9":10,"10":10,"11":2,"12":10,"13":7,"14":10,"15":10,"16":10,"17":10,"18":10,"19":7,"20":0,"21":7,"22":0,"23":0,"24":7,"25":0,"26":7,"27":7,"28":7,"29":7,"30":7,"31":7,"32":0,"33":0,"34":0,"35":0,"36":0,"37":0,"38":7,"39":7,"40":7,"41":7,"42":7,"43":10,"44":7,"45":7,"46":0,"47":0,"48":0,"49":0,"50":0,"51":0,"52":0,"53":10,"54":0,"55":0,"56":0,"57":0,"58":0,"59":0,"60":0,"61":0,"62":0,"63":0,"64":0,"65":10,"66":0,"67":0,"68":0,"69":0,"70":10,"71":1,"72":1,"73":1,"74":1,"75":1,"76":1,"77":0,"78":0,"79":0,"80":0,"81":0,"82":0,"83":0,"84":10,"85":1,"86":1,"87":7,"88":1,"89":0,"90":1,"91":1,"92":0,"93":0,"94":0,"95":10,"96":1,"97":1,"98":7,"99":1,"100":0,"101":1,"102":1,"103":0,"104":0,"105":0,"106":10,"107":2,"108":7,"109":10,"110":0,"111":0,"112":10,"113":13},"f":{"0":7,"1":10,"2":10,"3":7,"4":10,"5":7,"6":0,"7":0,"8":0,"9":0,"10":7,"11":7,"12":0,"13":0,"14":1,"15":1,"16":0,"17":0,"18":1,"19":1,"20":7,"21":1,"22":1,"23":7,"24":2,"25":7,"26":0,"27":0,"28":13},"b":{"0":[0,0],"1":[10,0],"2":[0,7],"3":[0,0],"4":[7,0],"5":[0,0],"6":[0,0],"7":[0,0],"8":[0,0],"9":[0,0],"10":[0,0],"11":[0,0],"12":[0,0],"13":[0,0],"14":[1,6],"15":[0,1],"16":[0,0],"17":[0,1],"18":[0,0]},"meta":{"lastBranch":19,"lastFunction":29,"lastStatement":114,"seen":{"s:4:6:4:39":0,"s:6:23:6:Infinity":1,"s:7:18:7:Infinity":2,"s:9:6:14:Infinity":3,"f:9:6:9:22":0,"s:10:2:14:Infinity":4,"s:11:16:11:48":5,"s:12:4:12:Infinity":6,"b:12:17:12:32:12:35:12:Infinity":0,"s:14:4:14:Infinity":7,"s:18:6:19:Infinity":8,"f:18:6:18:22":1,"s:19:2:19:Infinity":9,"s:19:8:19:74":10,"s:22:13:174:Infinity":11,"f:22:13:22:29":2,"s:23:23:23:102":12,"f:23:42:23:57":3,"s:23:57:23:101":13,"s:24:19:24:59":14,"s:25:20:25:106":15,"b:25:80:25:100:25:100:25:106":1,"s:27:2:29:Infinity":16,"f:27:2:27:18":4,"s:28:4:28:Infinity":17,"s:31:2:63:Infinity":18,"f:31:2:31:18":5,"b:32:4:32:Infinity:undefined:undefined:undefined:undefined":2,"s:32:4:32:Infinity":19,"s:32:39:32:Infinity":20,"s:34:10:34:Infinity":21,"f:34:10:34:31":6,"s:34:33:34:54":22,"s:34:54:34:Infinity":23,"s:35:10:35:50":24,"f:35:10:35:32":7,"s:35:32:35:50":25,"s:37:4:37:Infinity":26,"s:38:4:38:Infinity":27,"s:40:4:40:Infinity":28,"s:43:4:56:Infinity":29,"s:44:6:44:Infinity":30,"s:45:6:54:Infinity":31,"f:45:9:45:22":8,"s:46:10:54:Infinity":32,"s:47:27:47:49":33,"b:48:14:52:Infinity:undefined:undefined:undefined:undefined":3,"s:48:14:52:Infinity":34,"s:49:18:52:Infinity":35,"f:49:18:49:34":9,"s:50:38:50:64":36,"s:51:22:51:Infinity":37,"s:58:4:61:Infinity":38,"f:58:4:58:17":10,"s:59:6:59:Infinity":39,"s:60:6:60:Infinity":40,"b:61:6:61:Infinity:undefined:undefined:undefined:undefined":4,"s:61:6:61:Infinity":41,"s:61:14:61:Infinity":42,"s:65:28:78:Infinity":43,"f:65:28:65:40":11,"s:66:4:78:Infinity":44,"s:67:18:67:71":45,"b:68:6:75:Infinity:74:13:75:Infinity":5,"s:68:6:75:Infinity":46,"s:69:21:69:37":47,"b:70:8:71:Infinity:undefined:undefined:undefined:undefined":6,"s:70:8:71:Infinity":48,"b:70:12:70:20:70:20:70:37":7,"s:71:12:71:Infinity":49,"s:73:8:73:Infinity":50,"s:75:8:75:Infinity":51,"s:78:6:78:Infinity":52,"s:82:20:102:Infinity":53,"f:82:20:82:32":12,"s:83:18:83:50":54,"b:84:4:84:Infinity:undefined:undefined:undefined:undefined":8,"s:84:4:84:Infinity":55,"s:84:28:84:Infinity":56,"s:86:27:86:29":57,"s:88:4:96:Infinity":58,"s:89:6:96:Infinity":59,"s:90:8:94:Infinity":60,"b:90:86:90:91:90:91:90:108":9,"b:93:45:93:73:93:76:93:Infinity":10,"s:96:8:96:Infinity":61,"s:100:4:100:Infinity":62,"b:101:4:102:Infinity:undefined:undefined:undefined:undefined":11,"s:101:4:102:Infinity":63,"s:102:8:102:Infinity":64,"s:106:8:110:Infinity":65,"f:106:8:106:22":13,"s:107:20:107:52":66,"s:108:6:108:Infinity":67,"s:109:6:109:Infinity":68,"s:110:6:110:Infinity":69,"s:113:25:129:Infinity":70,"f:113:25:113:32":14,"s:114:19:114:Infinity":71,"s:115:19:115:Infinity":72,"s:117:4:117:Infinity":73,"f:117:4:117:20":15,"s:117:28:117:45":74,"s:119:4:129:Infinity":75,"s:120:20:124:10":76,"b:125:8:125:Infinity:undefined:undefined:undefined:undefined":12,"s:125:8:125:Infinity":77,"s:125:21:125:Infinity":78,"s:126:24:126:40":79,"s:127:8:127:Infinity":80,"f:127:8:127:24":16,"s:127:32:127:76":81,"f:127:37:127:41":17,"s:127:46:127:76":82,"b:127:64:127:74:127:74:127:76":13,"s:129:8:129:Infinity":83,"s:133:28:146:Infinity":84,"f:133:28:133:35":18,"s:134:4:134:Infinity":85,"f:134:4:134:20":19,"s:134:28:134:95":86,"f:134:33:134:37":20,"s:134:44:134:95":87,"b:134:60:134:91:134:91:134:95":14,"b:136:4:136:Infinity:undefined:undefined:undefined:undefined":15,"s:136:4:136:Infinity":88,"s:136:43:136:Infinity":89,"s:138:4:146:Infinity":90,"s:139:20:143:10":91,"b:144:8:144:Infinity:undefined:undefined:undefined:undefined":16,"s:144:8:144:Infinity":92,"s:144:21:144:Infinity":93,"s:146:8:146:Infinity":94,"s:150:28:161:Infinity":95,"f:150:28:150:35":21,"s:151:4:151:Infinity":96,"f:151:4:151:20":22,"s:151:28:151:61":97,"f:151:33:151:40":23,"s:151:47:151:61":98,"b:153:4:153:Infinity:undefined:undefined:undefined:undefined":17,"s:153:4:153:Infinity":99,"s:153:43:153:Infinity":100,"s:155:4:161:Infinity":101,"s:156:20:158:10":102,"b:159:8:159:Infinity:undefined:undefined:undefined:undefined":18,"s:159:8:159:Infinity":103,"s:159:21:159:Infinity":104,"s:161:8:161:Infinity":105,"s:165:8:165:76":106,"f:165:8:165:30":24,"s:165:37:165:76":107,"f:165:50:165:55":25,"s:165:62:165:76":108,"s:166:8:166:64":109,"f:166:8:166:26":26,"s:166:33:166:64":110,"f:166:42:166:47":27,"s:166:52:166:64":111,"s:168:2:174:Infinity":112,"s:178:13:178:52":113,"f:178:13:178:29":28}}}
,"/Users/ioan-one/Documents/Detal Clinic(MPP)/dental-clinic-app/src/utils/mockData.js": {"path":"/Users/ioan-one/Documents/Detal Clinic(MPP)/dental-clinic-app/src/utils/mockData.js","statementMap":{"0":{"start":{"line":1,"column":31},"end":{"line":22,"column":null}},"1":{"start":{"line":25,"column":35},"end":{"line":103,"column":null}}},"fnMap":{},"branchMap":{},"s":{"0":2,"1":2},"f":{},"b":{},"meta":{"lastBranch":0,"lastFunction":0,"lastStatement":2,"seen":{"s:1:31:22:Infinity":0,"s:25:35:103:Infinity":1}}}
}
