{"/Users/ioan-one/Documents/Detal Clinic(MPP)/dental-clinic-app/server/app.js": {"path":"/Users/ioan-one/Documents/Detal Clinic(MPP)/dental-clinic-app/server/app.js","statementMap":{"0":{"start":{"line":11,"column":11},"end":{"line":11,"column":21}},"1":{"start":{"line":13,"column":0},"end":{"line":13,"column":null}},"2":{"start":{"line":14,"column":0},"end":{"line":14,"column":null}},"3":{"start":{"line":16,"column":0},"end":{"line":16,"column":null}},"4":{"start":{"line":17,"column":0},"end":{"line":17,"column":null}},"5":{"start":{"line":18,"column":0},"end":{"line":18,"column":null}},"6":{"start":{"line":19,"column":0},"end":{"line":19,"column":null}},"7":{"start":{"line":20,"column":0},"end":{"line":20,"column":null}},"8":{"start":{"line":21,"column":0},"end":{"line":21,"column":null}},"9":{"start":{"line":24,"column":0},"end":{"line":26,"column":null}},"10":{"start":{"line":25,"column":2},"end":{"line":25,"column":null}}},"fnMap":{"0":{"name":"(anonymous_0)","decl":{"start":{"line":24,"column":8},"end":{"line":24,"column":9}},"loc":{"start":{"line":24,"column":22},"end":{"line":26,"column":1}},"line":24}},"branchMap":{},"s":{"0":5,"1":5,"2":5,"3":5,"4":5,"5":5,"6":5,"7":5,"8":5,"9":5,"10":1},"f":{"0":1},"b":{},"meta":{"lastBranch":0,"lastFunction":1,"lastStatement":11,"seen":{"s:11:11:11:21":0,"s:13:0:13:Infinity":1,"s:14:0:14:Infinity":2,"s:16:0:16:Infinity":3,"s:17:0:17:Infinity":4,"s:18:0:18:Infinity":5,"s:19:0:19:Infinity":6,"s:20:0:20:Infinity":7,"s:21:0:21:Infinity":8,"s:24:0:26:Infinity":9,"f:24:8:24:9":0,"s:25:2:25:Infinity":10}}}
,"/Users/ioan-one/Documents/Detal Clinic(MPP)/dental-clinic-app/server/server.js": {"path":"/Users/ioan-one/Documents/Detal Clinic(MPP)/dental-clinic-app/server/server.js","statementMap":{"0":{"start":{"line":4,"column":13},"end":{"line":4,"column":37}},"1":{"start":{"line":6,"column":15},"end":{"line":8,"column":2}},"2":{"start":{"line":7,"column":2},"end":{"line":7,"column":null}},"3":{"start":{"line":10,"column":0},"end":{"line":14,"column":null}},"4":{"start":{"line":11,"column":2},"end":{"line":13,"column":null}},"5":{"start":{"line":12,"column":4},"end":{"line":12,"column":null}}},"fnMap":{"0":{"name":"(anonymous_0)","decl":{"start":{"line":6,"column":32},"end":{"line":6,"column":33}},"loc":{"start":{"line":6,"column":38},"end":{"line":8,"column":1}},"line":6},"1":{"name":"(anonymous_1)","decl":{"start":{"line":10,"column":21},"end":{"line":10,"column":22}},"loc":{"start":{"line":10,"column":48},"end":{"line":14,"column":1}},"line":10},"2":{"name":"(anonymous_2)","decl":{"start":{"line":11,"column":43},"end":{"line":11,"column":44}},"loc":{"start":{"line":11,"column":51},"end":{"line":13,"column":3}},"line":11}},"branchMap":{"0":{"loc":{"start":{"line":4,"column":13},"end":{"line":4,"column":37}},"type":"binary-expr","locations":[{"start":{"line":4,"column":13},"end":{"line":4,"column":29}},{"start":{"line":4,"column":33},"end":{"line":4,"column":37}}],"line":4}},"s":{"0":0,"1":0,"2":0,"3":0,"4":0,"5":0},"f":{"0":0,"1":0,"2":0},"b":{"0":[0,0]},"meta":{"lastBranch":1,"lastFunction":3,"lastStatement":6,"seen":{"s:4:13:4:37":0,"b:4:13:4:29:4:33:4:37":0,"s:6:15:8:2":1,"f:6:32:6:33":0,"s:7:2:7:Infinity":2,"s:10:0:14:Infinity":3,"f:10:21:10:22":1,"s:11:2:13:Infinity":4,"f:11:43:11:44":2,"s:12:4:12:Infinity":5}}}
,"/Users/ioan-one/Documents/Detal Clinic(MPP)/dental-clinic-app/server/websocket.js": {"path":"/Users/ioan-one/Documents/Detal Clinic(MPP)/dental-clinic-app/server/websocket.js","statementMap":{"0":{"start":{"line":3,"column":19},"end":{"line":3,"column":58}},"1":{"start":{"line":5,"column":30},"end":{"line":11,"column":1}},"2":{"start":{"line":6,"column":2},"end":{"line":10,"column":null}},"3":{"start":{"line":7,"column":4},"end":{"line":9,"column":null}},"4":{"start":{"line":8,"column":6},"end":{"line":8,"column":null}},"5":{"start":{"line":13,"column":0},"end":{"line":19,"column":null}},"6":{"start":{"line":14,"column":2},"end":{"line":14,"column":null}},"7":{"start":{"line":16,"column":2},"end":{"line":18,"column":null}},"8":{"start":{"line":17,"column":4},"end":{"line":17,"column":null}}},"fnMap":{"0":{"name":"(anonymous_0)","decl":{"start":{"line":5,"column":30},"end":{"line":5,"column":31}},"loc":{"start":{"line":5,"column":43},"end":{"line":11,"column":1}},"line":5},"1":{"name":"(anonymous_1)","decl":{"start":{"line":6,"column":22},"end":{"line":6,"column":28}},"loc":{"start":{"line":6,"column":32},"end":{"line":10,"column":3}},"line":6},"2":{"name":"(anonymous_2)","decl":{"start":{"line":13,"column":21},"end":{"line":13,"column":22}},"loc":{"start":{"line":13,"column":29},"end":{"line":19,"column":1}},"line":13},"3":{"name":"(anonymous_3)","decl":{"start":{"line":16,"column":17},"end":{"line":16,"column":18}},"loc":{"start":{"line":16,"column":23},"end":{"line":18,"column":3}},"line":16}},"branchMap":{"0":{"loc":{"start":{"line":7,"column":4},"end":{"line":9,"column":null}},"type":"if","locations":[{"start":{"line":7,"column":4},"end":{"line":9,"column":null}},{"start":{},"end":{}}],"line":7}},"s":{"0":5,"1":5,"2":0,"3":0,"4":0,"5":5,"6":0,"7":0,"8":0},"f":{"0":0,"1":0,"2":0,"3":0},"b":{"0":[0,0]},"meta":{"lastBranch":1,"lastFunction":4,"lastStatement":9,"seen":{"s:3:19:3:58":0,"s:5:30:11:1":1,"f:5:30:5:31":0,"s:6:2:10:Infinity":2,"f:6:22:6:28":1,"b:7:4:9:Infinity:undefined:undefined:undefined:undefined":0,"s:7:4:9:Infinity":3,"s:8:6:8:Infinity":4,"s:13:0:19:Infinity":5,"f:13:21:13:22":2,"s:14:2:14:Infinity":6,"s:16:2:18:Infinity":7,"f:16:17:16:18":3,"s:17:4:17:Infinity":8}}}
,"/Users/ioan-one/Documents/Detal Clinic(MPP)/dental-clinic-app/server/routes/appointments.js": {"path":"/Users/ioan-one/Documents/Detal Clinic(MPP)/dental-clinic-app/server/routes/appointments.js","statementMap":{"0":{"start":{"line":4,"column":14},"end":{"line":4,"column":23}},"1":{"start":{"line":7,"column":0},"end":{"line":95,"column":null}},"2":{"start":{"line":8,"column":2},"end":{"line":94,"column":null}},"3":{"start":{"line":9,"column":17},"end":{"line":9,"column":46}},"4":{"start":{"line":10,"column":18},"end":{"line":10,"column":49}},"5":{"start":{"line":11,"column":17},"end":{"line":11,"column":35}},"6":{"start":{"line":12,"column":19},"end":{"line":12,"column":35}},"7":{"start":{"line":13,"column":21},"end":{"line":13,"column":39}},"8":{"start":{"line":14,"column":19},"end":{"line":14,"column":35}},"9":{"start":{"line":15,"column":21},"end":{"line":15,"column":39}},"10":{"start":{"line":16,"column":22},"end":{"line":16,"column":41}},"11":{"start":{"line":17,"column":19},"end":{"line":17,"column":41}},"12":{"start":{"line":20,"column":18},"end":{"line":20,"column":38}},"13":{"start":{"line":22,"column":4},"end":{"line":24,"column":null}},"14":{"start":{"line":23,"column":6},"end":{"line":23,"column":null}},"15":{"start":{"line":26,"column":4},"end":{"line":30,"column":null}},"16":{"start":{"line":27,"column":6},"end":{"line":27,"column":null}},"17":{"start":{"line":28,"column":6},"end":{"line":28,"column":null}},"18":{"start":{"line":28,"column":20},"end":{"line":28,"column":null}},"19":{"start":{"line":29,"column":6},"end":{"line":29,"column":null}},"20":{"start":{"line":29,"column":18},"end":{"line":29,"column":null}},"21":{"start":{"line":32,"column":4},"end":{"line":34,"column":null}},"22":{"start":{"line":33,"column":6},"end":{"line":33,"column":null}},"23":{"start":{"line":36,"column":4},"end":{"line":38,"column":null}},"24":{"start":{"line":37,"column":6},"end":{"line":37,"column":null}},"25":{"start":{"line":40,"column":4},"end":{"line":46,"column":null}},"26":{"start":{"line":41,"column":6},"end":{"line":45,"column":null}},"27":{"start":{"line":48,"column":26},"end":{"line":64,"column":6}},"28":{"start":{"line":67,"column":26},"end":{"line":80,"column":7}},"29":{"start":{"line":67,"column":43},"end":{"line":80,"column":5}},"30":{"start":{"line":82,"column":4},"end":{"line":90,"column":null}},"31":{"start":{"line":92,"column":4},"end":{"line":92,"column":null}},"32":{"start":{"line":93,"column":4},"end":{"line":93,"column":null}},"33":{"start":{"line":98,"column":0},"end":{"line":130,"column":null}},"34":{"start":{"line":99,"column":2},"end":{"line":129,"column":null}},"35":{"start":{"line":100,"column":16},"end":{"line":106,"column":6}},"36":{"start":{"line":108,"column":4},"end":{"line":110,"column":null}},"37":{"start":{"line":109,"column":6},"end":{"line":109,"column":null}},"38":{"start":{"line":112,"column":4},"end":{"line":125,"column":null}},"39":{"start":{"line":127,"column":4},"end":{"line":127,"column":null}},"40":{"start":{"line":128,"column":4},"end":{"line":128,"column":null}},"41":{"start":{"line":133,"column":0},"end":{"line":206,"column":null}},"42":{"start":{"line":134,"column":2},"end":{"line":205,"column":null}},"43":{"start":{"line":135,"column":69},"end":{"line":135,"column":77}},"44":{"start":{"line":138,"column":4},"end":{"line":140,"column":null}},"45":{"start":{"line":139,"column":6},"end":{"line":139,"column":null}},"46":{"start":{"line":143,"column":28},"end":{"line":143,"column":42}},"47":{"start":{"line":144,"column":18},"end":{"line":144,"column":28}},"48":{"start":{"line":145,"column":4},"end":{"line":145,"column":null}},"49":{"start":{"line":146,"column":4},"end":{"line":148,"column":null}},"50":{"start":{"line":147,"column":6},"end":{"line":147,"column":null}},"51":{"start":{"line":151,"column":20},"end":{"line":151,"column":47}},"52":{"start":{"line":152,"column":4},"end":{"line":154,"column":null}},"53":{"start":{"line":153,"column":6},"end":{"line":153,"column":null}},"54":{"start":{"line":157,"column":20},"end":{"line":159,"column":6}},"55":{"start":{"line":160,"column":4},"end":{"line":162,"column":null}},"56":{"start":{"line":161,"column":6},"end":{"line":161,"column":null}},"57":{"start":{"line":165,"column":19},"end":{"line":167,"column":6}},"58":{"start":{"line":168,"column":4},"end":{"line":170,"column":null}},"59":{"start":{"line":169,"column":6},"end":{"line":169,"column":null}},"60":{"start":{"line":172,"column":19},"end":{"line":186,"column":6}},"61":{"start":{"line":188,"column":4},"end":{"line":201,"column":null}},"62":{"start":{"line":203,"column":4},"end":{"line":203,"column":null}},"63":{"start":{"line":204,"column":4},"end":{"line":204,"column":null}},"64":{"start":{"line":209,"column":0},"end":{"line":255,"column":null}},"65":{"start":{"line":210,"column":2},"end":{"line":254,"column":null}},"66":{"start":{"line":211,"column":21},"end":{"line":213,"column":6}},"67":{"start":{"line":215,"column":4},"end":{"line":217,"column":null}},"68":{"start":{"line":216,"column":6},"end":{"line":216,"column":null}},"69":{"start":{"line":219,"column":23},"end":{"line":219,"column":25}},"70":{"start":{"line":220,"column":4},"end":{"line":220,"column":null}},"71":{"start":{"line":220,"column":23},"end":{"line":220,"column":null}},"72":{"start":{"line":221,"column":4},"end":{"line":221,"column":null}},"73":{"start":{"line":221,"column":23},"end":{"line":221,"column":null}},"74":{"start":{"line":222,"column":4},"end":{"line":222,"column":null}},"75":{"start":{"line":222,"column":23},"end":{"line":222,"column":null}},"76":{"start":{"line":223,"column":4},"end":{"line":223,"column":null}},"77":{"start":{"line":223,"column":25},"end":{"line":223,"column":null}},"78":{"start":{"line":224,"column":4},"end":{"line":224,"column":null}},"79":{"start":{"line":224,"column":38},"end":{"line":224,"column":null}},"80":{"start":{"line":225,"column":4},"end":{"line":225,"column":null}},"81":{"start":{"line":225,"column":27},"end":{"line":225,"column":null}},"82":{"start":{"line":226,"column":4},"end":{"line":226,"column":null}},"83":{"start":{"line":226,"column":28},"end":{"line":226,"column":null}},"84":{"start":{"line":228,"column":20},"end":{"line":235,"column":6}},"85":{"start":{"line":237,"column":4},"end":{"line":250,"column":null}},"86":{"start":{"line":252,"column":4},"end":{"line":252,"column":null}},"87":{"start":{"line":253,"column":4},"end":{"line":253,"column":null}},"88":{"start":{"line":258,"column":0},"end":{"line":281,"column":null}},"89":{"start":{"line":259,"column":2},"end":{"line":280,"column":null}},"90":{"start":{"line":260,"column":21},"end":{"line":262,"column":6}},"91":{"start":{"line":264,"column":4},"end":{"line":266,"column":null}},"92":{"start":{"line":265,"column":6},"end":{"line":265,"column":null}},"93":{"start":{"line":268,"column":4},"end":{"line":274,"column":null}},"94":{"start":{"line":276,"column":4},"end":{"line":276,"column":null}},"95":{"start":{"line":278,"column":4},"end":{"line":278,"column":null}},"96":{"start":{"line":279,"column":4},"end":{"line":279,"column":null}}},"fnMap":{"0":{"name":"(anonymous_0)","decl":{"start":{"line":7,"column":16},"end":{"line":7,"column":21}},"loc":{"start":{"line":7,"column":36},"end":{"line":95,"column":1}},"line":7},"1":{"name":"(anonymous_1)","decl":{"start":{"line":67,"column":35},"end":{"line":67,"column":38}},"loc":{"start":{"line":67,"column":43},"end":{"line":80,"column":5}},"line":67},"2":{"name":"(anonymous_2)","decl":{"start":{"line":98,"column":19},"end":{"line":98,"column":24}},"loc":{"start":{"line":98,"column":39},"end":{"line":130,"column":1}},"line":98},"3":{"name":"(anonymous_3)","decl":{"start":{"line":133,"column":17},"end":{"line":133,"column":22}},"loc":{"start":{"line":133,"column":37},"end":{"line":206,"column":1}},"line":133},"4":{"name":"(anonymous_4)","decl":{"start":{"line":209,"column":19},"end":{"line":209,"column":24}},"loc":{"start":{"line":209,"column":39},"end":{"line":255,"column":1}},"line":209},"5":{"name":"(anonymous_5)","decl":{"start":{"line":258,"column":22},"end":{"line":258,"column":27}},"loc":{"start":{"line":258,"column":42},"end":{"line":281,"column":1}},"line":258}},"branchMap":{"0":{"loc":{"start":{"line":9,"column":17},"end":{"line":9,"column":46}},"type":"binary-expr","locations":[{"start":{"line":9,"column":17},"end":{"line":9,"column":41}},{"start":{"line":9,"column":45},"end":{"line":9,"column":46}}],"line":9},"1":{"loc":{"start":{"line":10,"column":18},"end":{"line":10,"column":49}},"type":"binary-expr","locations":[{"start":{"line":10,"column":18},"end":{"line":10,"column":43}},{"start":{"line":10,"column":47},"end":{"line":10,"column":49}}],"line":10},"2":{"loc":{"start":{"line":17,"column":19},"end":{"line":17,"column":41}},"type":"binary-expr","locations":[{"start":{"line":17,"column":19},"end":{"line":17,"column":35}},{"start":{"line":17,"column":39},"end":{"line":17,"column":41}}],"line":17},"3":{"loc":{"start":{"line":22,"column":4},"end":{"line":24,"column":null}},"type":"if","locations":[{"start":{"line":22,"column":4},"end":{"line":24,"column":null}},{"start":{},"end":{}}],"line":22},"4":{"loc":{"start":{"line":26,"column":4},"end":{"line":30,"column":null}},"type":"if","locations":[{"start":{"line":26,"column":4},"end":{"line":30,"column":null}},{"start":{},"end":{}}],"line":26},"5":{"loc":{"start":{"line":26,"column":8},"end":{"line":26,"column":26}},"type":"binary-expr","locations":[{"start":{"line":26,"column":8},"end":{"line":26,"column":16}},{"start":{"line":26,"column":20},"end":{"line":26,"column":26}}],"line":26},"6":{"loc":{"start":{"line":28,"column":6},"end":{"line":28,"column":null}},"type":"if","locations":[{"start":{"line":28,"column":6},"end":{"line":28,"column":null}},{"start":{},"end":{}}],"line":28},"7":{"loc":{"start":{"line":29,"column":6},"end":{"line":29,"column":null}},"type":"if","locations":[{"start":{"line":29,"column":6},"end":{"line":29,"column":null}},{"start":{},"end":{}}],"line":29},"8":{"loc":{"start":{"line":32,"column":4},"end":{"line":34,"column":null}},"type":"if","locations":[{"start":{"line":32,"column":4},"end":{"line":34,"column":null}},{"start":{},"end":{}}],"line":32},"9":{"loc":{"start":{"line":36,"column":4},"end":{"line":38,"column":null}},"type":"if","locations":[{"start":{"line":36,"column":4},"end":{"line":38,"column":null}},{"start":{},"end":{}}],"line":36},"10":{"loc":{"start":{"line":40,"column":4},"end":{"line":46,"column":null}},"type":"if","locations":[{"start":{"line":40,"column":4},"end":{"line":46,"column":null}},{"start":{},"end":{}}],"line":40},"11":{"loc":{"start":{"line":108,"column":4},"end":{"line":110,"column":null}},"type":"if","locations":[{"start":{"line":108,"column":4},"end":{"line":110,"column":null}},{"start":{},"end":{}}],"line":108},"12":{"loc":{"start":{"line":138,"column":4},"end":{"line":140,"column":null}},"type":"if","locations":[{"start":{"line":138,"column":4},"end":{"line":140,"column":null}},{"start":{},"end":{}}],"line":138},"13":{"loc":{"start":{"line":138,"column":8},"end":{"line":138,"column":58}},"type":"binary-expr","locations":[{"start":{"line":138,"column":8},"end":{"line":138,"column":18}},{"start":{"line":138,"column":22},"end":{"line":138,"column":31}},{"start":{"line":138,"column":35},"end":{"line":138,"column":40}},{"start":{"line":138,"column":44},"end":{"line":138,"column":49}},{"start":{"line":138,"column":53},"end":{"line":138,"column":58}}],"line":138},"14":{"loc":{"start":{"line":146,"column":4},"end":{"line":148,"column":null}},"type":"if","locations":[{"start":{"line":146,"column":4},"end":{"line":148,"column":null}},{"start":{},"end":{}}],"line":146},"15":{"loc":{"start":{"line":152,"column":4},"end":{"line":154,"column":null}},"type":"if","locations":[{"start":{"line":152,"column":4},"end":{"line":154,"column":null}},{"start":{},"end":{}}],"line":152},"16":{"loc":{"start":{"line":152,"column":8},"end":{"line":152,"column":32}},"type":"binary-expr","locations":[{"start":{"line":152,"column":8},"end":{"line":152,"column":17}},{"start":{"line":152,"column":21},"end":{"line":152,"column":32}}],"line":152},"17":{"loc":{"start":{"line":160,"column":4},"end":{"line":162,"column":null}},"type":"if","locations":[{"start":{"line":160,"column":4},"end":{"line":162,"column":null}},{"start":{},"end":{}}],"line":160},"18":{"loc":{"start":{"line":168,"column":4},"end":{"line":170,"column":null}},"type":"if","locations":[{"start":{"line":168,"column":4},"end":{"line":170,"column":null}},{"start":{},"end":{}}],"line":168},"19":{"loc":{"start":{"line":177,"column":17},"end":{"line":177,"column":36}},"type":"binary-expr","locations":[{"start":{"line":177,"column":17},"end":{"line":177,"column":23}},{"start":{"line":177,"column":27},"end":{"line":177,"column":36}}],"line":177},"20":{"loc":{"start":{"line":178,"column":15},"end":{"line":178,"column":28}},"type":"binary-expr","locations":[{"start":{"line":178,"column":15},"end":{"line":178,"column":20}},{"start":{"line":178,"column":24},"end":{"line":178,"column":28}}],"line":178},"21":{"loc":{"start":{"line":215,"column":4},"end":{"line":217,"column":null}},"type":"if","locations":[{"start":{"line":215,"column":4},"end":{"line":217,"column":null}},{"start":{},"end":{}}],"line":215},"22":{"loc":{"start":{"line":220,"column":4},"end":{"line":220,"column":null}},"type":"if","locations":[{"start":{"line":220,"column":4},"end":{"line":220,"column":null}},{"start":{},"end":{}}],"line":220},"23":{"loc":{"start":{"line":221,"column":4},"end":{"line":221,"column":null}},"type":"if","locations":[{"start":{"line":221,"column":4},"end":{"line":221,"column":null}},{"start":{},"end":{}}],"line":221},"24":{"loc":{"start":{"line":222,"column":4},"end":{"line":222,"column":null}},"type":"if","locations":[{"start":{"line":222,"column":4},"end":{"line":222,"column":null}},{"start":{},"end":{}}],"line":222},"25":{"loc":{"start":{"line":223,"column":4},"end":{"line":223,"column":null}},"type":"if","locations":[{"start":{"line":223,"column":4},"end":{"line":223,"column":null}},{"start":{},"end":{}}],"line":223},"26":{"loc":{"start":{"line":224,"column":4},"end":{"line":224,"column":null}},"type":"if","locations":[{"start":{"line":224,"column":4},"end":{"line":224,"column":null}},{"start":{},"end":{}}],"line":224},"27":{"loc":{"start":{"line":225,"column":4},"end":{"line":225,"column":null}},"type":"if","locations":[{"start":{"line":225,"column":4},"end":{"line":225,"column":null}},{"start":{},"end":{}}],"line":225},"28":{"loc":{"start":{"line":226,"column":4},"end":{"line":226,"column":null}},"type":"if","locations":[{"start":{"line":226,"column":4},"end":{"line":226,"column":null}},{"start":{},"end":{}}],"line":226},"29":{"loc":{"start":{"line":264,"column":4},"end":{"line":266,"column":null}},"type":"if","locations":[{"start":{"line":264,"column":4},"end":{"line":266,"column":null}},{"start":{},"end":{}}],"line":264}},"s":{"0":5,"1":5,"2":10,"3":10,"4":10,"5":10,"6":10,"7":10,"8":10,"9":10,"10":10,"11":10,"12":10,"13":10,"14":1,"15":10,"16":1,"17":1,"18":1,"19":1,"20":1,"21":10,"22":1,"23":10,"24":1,"25":10,"26":1,"27":10,"28":10,"29":41,"30":10,"31":0,"32":0,"33":5,"34":3,"35":3,"36":3,"37":2,"38":1,"39":0,"40":0,"41":5,"42":137,"43":137,"44":137,"45":2,"46":135,"47":135,"48":135,"49":135,"50":1,"51":134,"52":134,"53":2,"54":132,"55":132,"56":2,"57":130,"58":130,"59":1,"60":129,"61":129,"62":0,"63":0,"64":5,"65":5,"66":5,"67":5,"68":2,"69":3,"70":3,"71":1,"72":3,"73":3,"74":3,"75":3,"76":3,"77":3,"78":3,"79":1,"80":3,"81":3,"82":3,"83":3,"84":3,"85":3,"86":0,"87":0,"88":5,"89":9,"90":9,"91":9,"92":2,"93":7,"94":7,"95":0,"96":0},"f":{"0":10,"1":41,"2":3,"3":137,"4":5,"5":9},"b":{"0":[10,9],"1":[10,9],"2":[10,9],"3":[1,9],"4":[1,9],"5":[10,9],"6":[1,0],"7":[1,0],"8":[1,9],"9":[1,9],"10":[1,9],"11":[2,1],"12":[2,135],"13":[137,135,135,135,135],"14":[1,134],"15":[2,132],"16":[134,133],"17":[2,130],"18":[1,129],"19":[129,1],"20":[137,128],"21":[2,3],"22":[1,2],"23":[1,2],"24":[1,2],"25":[1,2],"26":[1,2],"27":[0,3],"28":[0,3],"29":[2,7]},"meta":{"lastBranch":30,"lastFunction":6,"lastStatement":97,"seen":{"s:4:14:4:23":0,"s:7:0:95:Infinity":1,"f:7:16:7:21":0,"s:8:2:94:Infinity":2,"s:9:17:9:46":3,"b:9:17:9:41:9:45:9:46":0,"s:10:18:10:49":4,"b:10:18:10:43:10:47:10:49":1,"s:11:17:11:35":5,"s:12:19:12:35":6,"s:13:21:13:39":7,"s:14:19:14:35":8,"s:15:21:15:39":9,"s:16:22:16:41":10,"s:17:19:17:41":11,"b:17:19:17:35:17:39:17:41":2,"s:20:18:20:38":12,"b:22:4:24:Infinity:undefined:undefined:undefined:undefined":3,"s:22:4:24:Infinity":13,"s:23:6:23:Infinity":14,"b:26:4:30:Infinity:undefined:undefined:undefined:undefined":4,"s:26:4:30:Infinity":15,"b:26:8:26:16:26:20:26:26":5,"s:27:6:27:Infinity":16,"b:28:6:28:Infinity:undefined:undefined:undefined:undefined":6,"s:28:6:28:Infinity":17,"s:28:20:28:Infinity":18,"b:29:6:29:Infinity:undefined:undefined:undefined:undefined":7,"s:29:6:29:Infinity":19,"s:29:18:29:Infinity":20,"b:32:4:34:Infinity:undefined:undefined:undefined:undefined":8,"s:32:4:34:Infinity":21,"s:33:6:33:Infinity":22,"b:36:4:38:Infinity:undefined:undefined:undefined:undefined":9,"s:36:4:38:Infinity":23,"s:37:6:37:Infinity":24,"b:40:4:46:Infinity:undefined:undefined:undefined:undefined":10,"s:40:4:46:Infinity":25,"s:41:6:45:Infinity":26,"s:48:26:64:6":27,"s:67:26:80:7":28,"f:67:35:67:38":1,"s:67:43:80:5":29,"s:82:4:90:Infinity":30,"s:92:4:92:Infinity":31,"s:93:4:93:Infinity":32,"s:98:0:130:Infinity":33,"f:98:19:98:24":2,"s:99:2:129:Infinity":34,"s:100:16:106:6":35,"b:108:4:110:Infinity:undefined:undefined:undefined:undefined":11,"s:108:4:110:Infinity":36,"s:109:6:109:Infinity":37,"s:112:4:125:Infinity":38,"s:127:4:127:Infinity":39,"s:128:4:128:Infinity":40,"s:133:0:206:Infinity":41,"f:133:17:133:22":3,"s:134:2:205:Infinity":42,"s:135:69:135:77":43,"b:138:4:140:Infinity:undefined:undefined:undefined:undefined":12,"s:138:4:140:Infinity":44,"b:138:8:138:18:138:22:138:31:138:35:138:40:138:44:138:49:138:53:138:58":13,"s:139:6:139:Infinity":45,"s:143:28:143:42":46,"s:144:18:144:28":47,"s:145:4:145:Infinity":48,"b:146:4:148:Infinity:undefined:undefined:undefined:undefined":14,"s:146:4:148:Infinity":49,"s:147:6:147:Infinity":50,"s:151:20:151:47":51,"b:152:4:154:Infinity:undefined:undefined:undefined:undefined":15,"s:152:4:154:Infinity":52,"b:152:8:152:17:152:21:152:32":16,"s:153:6:153:Infinity":53,"s:157:20:159:6":54,"b:160:4:162:Infinity:undefined:undefined:undefined:undefined":17,"s:160:4:162:Infinity":55,"s:161:6:161:Infinity":56,"s:165:19:167:6":57,"b:168:4:170:Infinity:undefined:undefined:undefined:undefined":18,"s:168:4:170:Infinity":58,"s:169:6:169:Infinity":59,"s:172:19:186:6":60,"b:177:17:177:23:177:27:177:36":19,"b:178:15:178:20:178:24:178:28":20,"s:188:4:201:Infinity":61,"s:203:4:203:Infinity":62,"s:204:4:204:Infinity":63,"s:209:0:255:Infinity":64,"f:209:19:209:24":4,"s:210:2:254:Infinity":65,"s:211:21:213:6":66,"b:215:4:217:Infinity:undefined:undefined:undefined:undefined":21,"s:215:4:217:Infinity":67,"s:216:6:216:Infinity":68,"s:219:23:219:25":69,"b:220:4:220:Infinity:undefined:undefined:undefined:undefined":22,"s:220:4:220:Infinity":70,"s:220:23:220:Infinity":71,"b:221:4:221:Infinity:undefined:undefined:undefined:undefined":23,"s:221:4:221:Infinity":72,"s:221:23:221:Infinity":73,"b:222:4:222:Infinity:undefined:undefined:undefined:undefined":24,"s:222:4:222:Infinity":74,"s:222:23:222:Infinity":75,"b:223:4:223:Infinity:undefined:undefined:undefined:undefined":25,"s:223:4:223:Infinity":76,"s:223:25:223:Infinity":77,"b:224:4:224:Infinity:undefined:undefined:undefined:undefined":26,"s:224:4:224:Infinity":78,"s:224:38:224:Infinity":79,"b:225:4:225:Infinity:undefined:undefined:undefined:undefined":27,"s:225:4:225:Infinity":80,"s:225:27:225:Infinity":81,"b:226:4:226:Infinity:undefined:undefined:undefined:undefined":28,"s:226:4:226:Infinity":82,"s:226:28:226:Infinity":83,"s:228:20:235:6":84,"s:237:4:250:Infinity":85,"s:252:4:252:Infinity":86,"s:253:4:253:Infinity":87,"s:258:0:281:Infinity":88,"f:258:22:258:27":5,"s:259:2:280:Infinity":89,"s:260:21:262:6":90,"b:264:4:266:Infinity:undefined:undefined:undefined:undefined":29,"s:264:4:266:Infinity":91,"s:265:6:265:Infinity":92,"s:268:4:274:Infinity":93,"s:276:4:276:Infinity":94,"s:278:4:278:Infinity":95,"s:279:4:279:Infinity":96}}}
,"/Users/ioan-one/Documents/Detal Clinic(MPP)/dental-clinic-app/server/routes/doctors.js": {"path":"/Users/ioan-one/Documents/Detal Clinic(MPP)/dental-clinic-app/server/routes/doctors.js","statementMap":{"0":{"start":{"line":4,"column":14},"end":{"line":4,"column":23}},"1":{"start":{"line":7,"column":0},"end":{"line":18,"column":null}},"2":{"start":{"line":8,"column":2},"end":{"line":17,"column":null}},"3":{"start":{"line":9,"column":20},"end":{"line":12,"column":6}},"4":{"start":{"line":13,"column":4},"end":{"line":13,"column":null}},"5":{"start":{"line":15,"column":4},"end":{"line":15,"column":null}},"6":{"start":{"line":16,"column":4},"end":{"line":16,"column":null}},"7":{"start":{"line":21,"column":0},"end":{"line":31,"column":null}},"8":{"start":{"line":22,"column":2},"end":{"line":30,"column":null}},"9":{"start":{"line":23,"column":19},"end":{"line":25,"column":6}},"10":{"start":{"line":26,"column":4},"end":{"line":26,"column":null}},"11":{"start":{"line":26,"column":17},"end":{"line":26,"column":null}},"12":{"start":{"line":27,"column":4},"end":{"line":27,"column":null}},"13":{"start":{"line":29,"column":4},"end":{"line":29,"column":null}},"14":{"start":{"line":34,"column":0},"end":{"line":48,"column":null}},"15":{"start":{"line":35,"column":2},"end":{"line":47,"column":null}},"16":{"start":{"line":36,"column":66},"end":{"line":36,"column":74}},"17":{"start":{"line":37,"column":4},"end":{"line":39,"column":null}},"18":{"start":{"line":38,"column":6},"end":{"line":38,"column":null}},"19":{"start":{"line":40,"column":19},"end":{"line":42,"column":6}},"20":{"start":{"line":43,"column":4},"end":{"line":43,"column":null}},"21":{"start":{"line":45,"column":4},"end":{"line":45,"column":null}},"22":{"start":{"line":45,"column":32},"end":{"line":45,"column":null}},"23":{"start":{"line":46,"column":4},"end":{"line":46,"column":null}},"24":{"start":{"line":51,"column":0},"end":{"line":66,"column":null}},"25":{"start":{"line":52,"column":2},"end":{"line":65,"column":null}},"26":{"start":{"line":53,"column":21},"end":{"line":55,"column":6}},"27":{"start":{"line":56,"column":4},"end":{"line":56,"column":null}},"28":{"start":{"line":56,"column":19},"end":{"line":56,"column":null}},"29":{"start":{"line":57,"column":20},"end":{"line":60,"column":6}},"30":{"start":{"line":61,"column":4},"end":{"line":61,"column":null}},"31":{"start":{"line":63,"column":4},"end":{"line":63,"column":null}},"32":{"start":{"line":63,"column":32},"end":{"line":63,"column":null}},"33":{"start":{"line":64,"column":4},"end":{"line":64,"column":null}},"34":{"start":{"line":69,"column":0},"end":{"line":83,"column":null}},"35":{"start":{"line":70,"column":2},"end":{"line":82,"column":null}},"36":{"start":{"line":71,"column":21},"end":{"line":73,"column":6}},"37":{"start":{"line":74,"column":4},"end":{"line":74,"column":null}},"38":{"start":{"line":74,"column":19},"end":{"line":74,"column":null}},"39":{"start":{"line":75,"column":4},"end":{"line":78,"column":null}},"40":{"start":{"line":79,"column":4},"end":{"line":79,"column":null}},"41":{"start":{"line":81,"column":4},"end":{"line":81,"column":null}}},"fnMap":{"0":{"name":"(anonymous_0)","decl":{"start":{"line":7,"column":16},"end":{"line":7,"column":21}},"loc":{"start":{"line":7,"column":36},"end":{"line":18,"column":1}},"line":7},"1":{"name":"(anonymous_1)","decl":{"start":{"line":21,"column":19},"end":{"line":21,"column":24}},"loc":{"start":{"line":21,"column":39},"end":{"line":31,"column":1}},"line":21},"2":{"name":"(anonymous_2)","decl":{"start":{"line":34,"column":17},"end":{"line":34,"column":22}},"loc":{"start":{"line":34,"column":37},"end":{"line":48,"column":1}},"line":34},"3":{"name":"(anonymous_3)","decl":{"start":{"line":51,"column":19},"end":{"line":51,"column":24}},"loc":{"start":{"line":51,"column":39},"end":{"line":66,"column":1}},"line":51},"4":{"name":"(anonymous_4)","decl":{"start":{"line":69,"column":22},"end":{"line":69,"column":27}},"loc":{"start":{"line":69,"column":42},"end":{"line":83,"column":1}},"line":69}},"branchMap":{"0":{"loc":{"start":{"line":26,"column":4},"end":{"line":26,"column":null}},"type":"if","locations":[{"start":{"line":26,"column":4},"end":{"line":26,"column":null}},{"start":{},"end":{}}],"line":26},"1":{"loc":{"start":{"line":37,"column":4},"end":{"line":39,"column":null}},"type":"if","locations":[{"start":{"line":37,"column":4},"end":{"line":39,"column":null}},{"start":{},"end":{}}],"line":37},"2":{"loc":{"start":{"line":37,"column":8},"end":{"line":37,"column":70}},"type":"binary-expr","locations":[{"start":{"line":37,"column":8},"end":{"line":37,"column":18}},{"start":{"line":37,"column":22},"end":{"line":37,"column":31}},{"start":{"line":37,"column":35},"end":{"line":37,"column":41}},{"start":{"line":37,"column":45},"end":{"line":37,"column":51}},{"start":{"line":37,"column":55},"end":{"line":37,"column":70}}],"line":37},"3":{"loc":{"start":{"line":45,"column":4},"end":{"line":45,"column":null}},"type":"if","locations":[{"start":{"line":45,"column":4},"end":{"line":45,"column":null}},{"start":{},"end":{}}],"line":45},"4":{"loc":{"start":{"line":56,"column":4},"end":{"line":56,"column":null}},"type":"if","locations":[{"start":{"line":56,"column":4},"end":{"line":56,"column":null}},{"start":{},"end":{}}],"line":56},"5":{"loc":{"start":{"line":63,"column":4},"end":{"line":63,"column":null}},"type":"if","locations":[{"start":{"line":63,"column":4},"end":{"line":63,"column":null}},{"start":{},"end":{}}],"line":63},"6":{"loc":{"start":{"line":74,"column":4},"end":{"line":74,"column":null}},"type":"if","locations":[{"start":{"line":74,"column":4},"end":{"line":74,"column":null}},{"start":{},"end":{}}],"line":74}},"s":{"0":5,"1":5,"2":3,"3":3,"4":3,"5":0,"6":0,"7":5,"8":4,"9":4,"10":4,"11":3,"12":1,"13":0,"14":5,"15":19,"16":19,"17":19,"18":2,"19":17,"20":16,"21":1,"22":1,"23":0,"24":5,"25":4,"26":4,"27":4,"28":1,"29":3,"30":2,"31":1,"32":1,"33":0,"34":5,"35":8,"36":8,"37":8,"38":2,"39":6,"40":6,"41":0},"f":{"0":3,"1":4,"2":19,"3":4,"4":8},"b":{"0":[3,1],"1":[2,17],"2":[19,18,17,17,17],"3":[1,0],"4":[1,3],"5":[1,0],"6":[2,6]},"meta":{"lastBranch":7,"lastFunction":5,"lastStatement":42,"seen":{"s:4:14:4:23":0,"s:7:0:18:Infinity":1,"f:7:16:7:21":0,"s:8:2:17:Infinity":2,"s:9:20:12:6":3,"s:13:4:13:Infinity":4,"s:15:4:15:Infinity":5,"s:16:4:16:Infinity":6,"s:21:0:31:Infinity":7,"f:21:19:21:24":1,"s:22:2:30:Infinity":8,"s:23:19:25:6":9,"b:26:4:26:Infinity:undefined:undefined:undefined:undefined":0,"s:26:4:26:Infinity":10,"s:26:17:26:Infinity":11,"s:27:4:27:Infinity":12,"s:29:4:29:Infinity":13,"s:34:0:48:Infinity":14,"f:34:17:34:22":2,"s:35:2:47:Infinity":15,"s:36:66:36:74":16,"b:37:4:39:Infinity:undefined:undefined:undefined:undefined":1,"s:37:4:39:Infinity":17,"b:37:8:37:18:37:22:37:31:37:35:37:41:37:45:37:51:37:55:37:70":2,"s:38:6:38:Infinity":18,"s:40:19:42:6":19,"s:43:4:43:Infinity":20,"b:45:4:45:Infinity:undefined:undefined:undefined:undefined":3,"s:45:4:45:Infinity":21,"s:45:32:45:Infinity":22,"s:46:4:46:Infinity":23,"s:51:0:66:Infinity":24,"f:51:19:51:24":3,"s:52:2:65:Infinity":25,"s:53:21:55:6":26,"b:56:4:56:Infinity:undefined:undefined:undefined:undefined":4,"s:56:4:56:Infinity":27,"s:56:19:56:Infinity":28,"s:57:20:60:6":29,"s:61:4:61:Infinity":30,"b:63:4:63:Infinity:undefined:undefined:undefined:undefined":5,"s:63:4:63:Infinity":31,"s:63:32:63:Infinity":32,"s:64:4:64:Infinity":33,"s:69:0:83:Infinity":34,"f:69:22:69:27":4,"s:70:2:82:Infinity":35,"s:71:21:73:6":36,"b:74:4:74:Infinity:undefined:undefined:undefined:undefined":6,"s:74:4:74:Infinity":37,"s:74:19:74:Infinity":38,"s:75:4:78:Infinity":39,"s:79:4:79:Infinity":40,"s:81:4:81:Infinity":41}}}
,"/Users/ioan-one/Documents/Detal Clinic(MPP)/dental-clinic-app/server/routes/generate.js": {"path":"/Users/ioan-one/Documents/Detal Clinic(MPP)/dental-clinic-app/server/routes/generate.js","statementMap":{"0":{"start":{"line":6,"column":14},"end":{"line":6,"column":23}},"1":{"start":{"line":7,"column":24},"end":{"line":7,"column":28}},"2":{"start":{"line":9,"column":0},"end":{"line":71,"column":null}},"3":{"start":{"line":10,"column":2},"end":{"line":12,"column":null}},"4":{"start":{"line":11,"column":4},"end":{"line":11,"column":null}},"5":{"start":{"line":15,"column":18},"end":{"line":15,"column":79}},"6":{"start":{"line":16,"column":19},"end":{"line":16,"column":81}},"7":{"start":{"line":18,"column":2},"end":{"line":20,"column":null}},"8":{"start":{"line":19,"column":4},"end":{"line":19,"column":null}},"9":{"start":{"line":23,"column":2},"end":{"line":68,"column":null}},"10":{"start":{"line":24,"column":4},"end":{"line":67,"column":null}},"11":{"start":{"line":25,"column":27},"end":{"line":25,"column":29}},"12":{"start":{"line":26,"column":23},"end":{"line":26,"column":56}},"13":{"start":{"line":28,"column":6},"end":{"line":61,"column":null}},"14":{"start":{"line":28,"column":19},"end":{"line":28,"column":20}},"15":{"start":{"line":29,"column":22},"end":{"line":29,"column":102}},"16":{"start":{"line":30,"column":25},"end":{"line":30,"column":75}},"17":{"start":{"line":31,"column":29},"end":{"line":31,"column":64}},"18":{"start":{"line":32,"column":30},"end":{"line":32,"column":66}},"19":{"start":{"line":34,"column":23},"end":{"line":47,"column":10}},"20":{"start":{"line":49,"column":8},"end":{"line":60,"column":null}},"21":{"start":{"line":64,"column":5},"end":{"line":64,"column":null}},"22":{"start":{"line":66,"column":6},"end":{"line":66,"column":null}},"23":{"start":{"line":70,"column":2},"end":{"line":70,"column":null}},"24":{"start":{"line":73,"column":0},"end":{"line":80,"column":null}},"25":{"start":{"line":74,"column":2},"end":{"line":78,"column":null}},"26":{"start":{"line":75,"column":4},"end":{"line":75,"column":null}},"27":{"start":{"line":76,"column":4},"end":{"line":76,"column":null}},"28":{"start":{"line":77,"column":4},"end":{"line":77,"column":null}},"29":{"start":{"line":79,"column":2},"end":{"line":79,"column":null}}},"fnMap":{"0":{"name":"(anonymous_0)","decl":{"start":{"line":9,"column":22},"end":{"line":9,"column":27}},"loc":{"start":{"line":9,"column":42},"end":{"line":71,"column":1}},"line":9},"1":{"name":"(anonymous_1)","decl":{"start":{"line":23,"column":34},"end":{"line":23,"column":39}},"loc":{"start":{"line":23,"column":46},"end":{"line":68,"column":3}},"line":23},"2":{"name":"(anonymous_2)","decl":{"start":{"line":73,"column":21},"end":{"line":73,"column":22}},"loc":{"start":{"line":73,"column":35},"end":{"line":80,"column":1}},"line":73}},"branchMap":{"0":{"loc":{"start":{"line":10,"column":2},"end":{"line":12,"column":null}},"type":"if","locations":[{"start":{"line":10,"column":2},"end":{"line":12,"column":null}},{"start":{},"end":{}}],"line":10},"1":{"loc":{"start":{"line":18,"column":2},"end":{"line":20,"column":null}},"type":"if","locations":[{"start":{"line":18,"column":2},"end":{"line":20,"column":null}},{"start":{},"end":{}}],"line":18},"2":{"loc":{"start":{"line":18,"column":6},"end":{"line":18,"column":51}},"type":"binary-expr","locations":[{"start":{"line":18,"column":6},"end":{"line":18,"column":26}},{"start":{"line":18,"column":30},"end":{"line":18,"column":51}}],"line":18},"3":{"loc":{"start":{"line":74,"column":2},"end":{"line":78,"column":null}},"type":"if","locations":[{"start":{"line":74,"column":2},"end":{"line":78,"column":null}},{"start":{},"end":{}}],"line":74}},"s":{"0":5,"1":5,"2":5,"3":0,"4":0,"5":0,"6":0,"7":0,"8":0,"9":0,"10":0,"11":0,"12":0,"13":0,"14":0,"15":0,"16":0,"17":0,"18":0,"19":0,"20":0,"21":0,"22":0,"23":0,"24":5,"25":0,"26":0,"27":0,"28":0,"29":0},"f":{"0":0,"1":0,"2":0},"b":{"0":[0,0],"1":[0,0],"2":[0,0],"3":[0,0]},"meta":{"lastBranch":4,"lastFunction":3,"lastStatement":30,"seen":{"s:6:14:6:23":0,"s:7:24:7:28":1,"s:9:0:71:Infinity":2,"f:9:22:9:27":0,"b:10:2:12:Infinity:undefined:undefined:undefined:undefined":0,"s:10:2:12:Infinity":3,"s:11:4:11:Infinity":4,"s:15:18:15:79":5,"s:16:19:16:81":6,"b:18:2:20:Infinity:undefined:undefined:undefined:undefined":1,"s:18:2:20:Infinity":7,"b:18:6:18:26:18:30:18:51":2,"s:19:4:19:Infinity":8,"s:23:2:68:Infinity":9,"f:23:34:23:39":1,"s:24:4:67:Infinity":10,"s:25:27:25:29":11,"s:26:23:26:56":12,"s:28:6:61:Infinity":13,"s:28:19:28:20":14,"s:29:22:29:102":15,"s:30:25:30:75":16,"s:31:29:31:64":17,"s:32:30:32:66":18,"s:34:23:47:10":19,"s:49:8:60:Infinity":20,"s:64:5:64:Infinity":21,"s:66:6:66:Infinity":22,"s:70:2:70:Infinity":23,"s:73:0:80:Infinity":24,"f:73:21:73:22":2,"b:74:2:78:Infinity:undefined:undefined:undefined:undefined":3,"s:74:2:78:Infinity":25,"s:75:4:75:Infinity":26,"s:76:4:76:Infinity":27,"s:77:4:77:Infinity":28,"s:79:2:79:Infinity":29}}}
,"/Users/ioan-one/Documents/Detal Clinic(MPP)/dental-clinic-app/server/routes/patients.js": {"path":"/Users/ioan-one/Documents/Detal Clinic(MPP)/dental-clinic-app/server/routes/patients.js","statementMap":{"0":{"start":{"line":5,"column":14},"end":{"line":5,"column":23}},"1":{"start":{"line":8,"column":0},"end":{"line":59,"column":null}},"2":{"start":{"line":9,"column":2},"end":{"line":58,"column":null}},"3":{"start":{"line":10,"column":17},"end":{"line":10,"column":46}},"4":{"start":{"line":11,"column":18},"end":{"line":11,"column":49}},"5":{"start":{"line":12,"column":19},"end":{"line":12,"column":41}},"6":{"start":{"line":13,"column":19},"end":{"line":13,"column":50}},"7":{"start":{"line":14,"column":18},"end":{"line":14,"column":43}},"8":{"start":{"line":15,"column":17},"end":{"line":15,"column":35}},"9":{"start":{"line":18,"column":18},"end":{"line":20,"column":5}},"10":{"start":{"line":23,"column":4},"end":{"line":29,"column":null}},"11":{"start":{"line":24,"column":6},"end":{"line":28,"column":null}},"12":{"start":{"line":32,"column":30},"end":{"line":32,"column":90}},"13":{"start":{"line":33,"column":23},"end":{"line":33,"column":80}},"14":{"start":{"line":34,"column":21},"end":{"line":34,"column":53}},"15":{"start":{"line":36,"column":26},"end":{"line":44,"column":6}},"16":{"start":{"line":46,"column":4},"end":{"line":54,"column":null}},"17":{"start":{"line":56,"column":4},"end":{"line":56,"column":null}},"18":{"start":{"line":57,"column":4},"end":{"line":57,"column":null}},"19":{"start":{"line":62,"column":0},"end":{"line":85,"column":null}},"20":{"start":{"line":63,"column":2},"end":{"line":84,"column":null}},"21":{"start":{"line":64,"column":20},"end":{"line":74,"column":6}},"22":{"start":{"line":76,"column":4},"end":{"line":78,"column":null}},"23":{"start":{"line":77,"column":6},"end":{"line":77,"column":null}},"24":{"start":{"line":80,"column":4},"end":{"line":80,"column":null}},"25":{"start":{"line":82,"column":4},"end":{"line":82,"column":null}},"26":{"start":{"line":83,"column":4},"end":{"line":83,"column":null}},"27":{"start":{"line":88,"column":0},"end":{"line":108,"column":null}},"28":{"start":{"line":89,"column":2},"end":{"line":107,"column":null}},"29":{"start":{"line":90,"column":23},"end":{"line":97,"column":6}},"30":{"start":{"line":99,"column":4},"end":{"line":99,"column":null}},"31":{"start":{"line":102,"column":4},"end":{"line":104,"column":null}},"32":{"start":{"line":103,"column":6},"end":{"line":103,"column":null}},"33":{"start":{"line":105,"column":4},"end":{"line":105,"column":null}},"34":{"start":{"line":106,"column":4},"end":{"line":106,"column":null}},"35":{"start":{"line":111,"column":0},"end":{"line":139,"column":null}},"36":{"start":{"line":112,"column":2},"end":{"line":138,"column":null}},"37":{"start":{"line":113,"column":21},"end":{"line":115,"column":6}},"38":{"start":{"line":117,"column":4},"end":{"line":119,"column":null}},"39":{"start":{"line":118,"column":6},"end":{"line":118,"column":null}},"40":{"start":{"line":121,"column":20},"end":{"line":129,"column":6}},"41":{"start":{"line":131,"column":4},"end":{"line":131,"column":null}},"42":{"start":{"line":133,"column":4},"end":{"line":135,"column":null}},"43":{"start":{"line":134,"column":6},"end":{"line":134,"column":null}},"44":{"start":{"line":136,"column":4},"end":{"line":136,"column":null}},"45":{"start":{"line":137,"column":4},"end":{"line":137,"column":null}},"46":{"start":{"line":142,"column":0},"end":{"line":174,"column":null}},"47":{"start":{"line":143,"column":2},"end":{"line":173,"column":null}},"48":{"start":{"line":144,"column":21},"end":{"line":146,"column":6}},"49":{"start":{"line":148,"column":4},"end":{"line":150,"column":null}},"50":{"start":{"line":149,"column":6},"end":{"line":149,"column":null}},"51":{"start":{"line":152,"column":4},"end":{"line":158,"column":null}},"52":{"start":{"line":161,"column":4},"end":{"line":167,"column":null}},"53":{"start":{"line":169,"column":4},"end":{"line":169,"column":null}},"54":{"start":{"line":171,"column":4},"end":{"line":171,"column":null}},"55":{"start":{"line":172,"column":4},"end":{"line":172,"column":null}}},"fnMap":{"0":{"name":"(anonymous_0)","decl":{"start":{"line":8,"column":16},"end":{"line":8,"column":21}},"loc":{"start":{"line":8,"column":36},"end":{"line":59,"column":1}},"line":8},"1":{"name":"(anonymous_1)","decl":{"start":{"line":62,"column":19},"end":{"line":62,"column":24}},"loc":{"start":{"line":62,"column":39},"end":{"line":85,"column":1}},"line":62},"2":{"name":"(anonymous_2)","decl":{"start":{"line":88,"column":34},"end":{"line":88,"column":39}},"loc":{"start":{"line":88,"column":54},"end":{"line":108,"column":1}},"line":88},"3":{"name":"(anonymous_3)","decl":{"start":{"line":111,"column":36},"end":{"line":111,"column":41}},"loc":{"start":{"line":111,"column":56},"end":{"line":139,"column":1}},"line":111},"4":{"name":"(anonymous_4)","decl":{"start":{"line":142,"column":22},"end":{"line":142,"column":27}},"loc":{"start":{"line":142,"column":42},"end":{"line":174,"column":1}},"line":142}},"branchMap":{"0":{"loc":{"start":{"line":10,"column":17},"end":{"line":10,"column":46}},"type":"binary-expr","locations":[{"start":{"line":10,"column":17},"end":{"line":10,"column":41}},{"start":{"line":10,"column":45},"end":{"line":10,"column":46}}],"line":10},"1":{"loc":{"start":{"line":11,"column":18},"end":{"line":11,"column":49}},"type":"binary-expr","locations":[{"start":{"line":11,"column":18},"end":{"line":11,"column":43}},{"start":{"line":11,"column":47},"end":{"line":11,"column":49}}],"line":11},"2":{"loc":{"start":{"line":12,"column":19},"end":{"line":12,"column":41}},"type":"binary-expr","locations":[{"start":{"line":12,"column":19},"end":{"line":12,"column":35}},{"start":{"line":12,"column":39},"end":{"line":12,"column":41}}],"line":12},"3":{"loc":{"start":{"line":13,"column":19},"end":{"line":13,"column":50}},"type":"binary-expr","locations":[{"start":{"line":13,"column":19},"end":{"line":13,"column":35}},{"start":{"line":13,"column":39},"end":{"line":13,"column":50}}],"line":13},"4":{"loc":{"start":{"line":14,"column":18},"end":{"line":14,"column":43}},"type":"binary-expr","locations":[{"start":{"line":14,"column":18},"end":{"line":14,"column":33}},{"start":{"line":14,"column":37},"end":{"line":14,"column":43}}],"line":14},"5":{"loc":{"start":{"line":23,"column":4},"end":{"line":29,"column":null}},"type":"if","locations":[{"start":{"line":23,"column":4},"end":{"line":29,"column":null}},{"start":{},"end":{}}],"line":23},"6":{"loc":{"start":{"line":33,"column":23},"end":{"line":33,"column":80}},"type":"cond-expr","locations":[{"start":{"line":33,"column":60},"end":{"line":33,"column":66}},{"start":{"line":33,"column":69},"end":{"line":33,"column":80}}],"line":33},"7":{"loc":{"start":{"line":34,"column":21},"end":{"line":34,"column":53}},"type":"cond-expr","locations":[{"start":{"line":34,"column":39},"end":{"line":34,"column":44}},{"start":{"line":34,"column":47},"end":{"line":34,"column":53}}],"line":34},"8":{"loc":{"start":{"line":76,"column":4},"end":{"line":78,"column":null}},"type":"if","locations":[{"start":{"line":76,"column":4},"end":{"line":78,"column":null}},{"start":{},"end":{}}],"line":76},"9":{"loc":{"start":{"line":102,"column":4},"end":{"line":104,"column":null}},"type":"if","locations":[{"start":{"line":102,"column":4},"end":{"line":104,"column":null}},{"start":{},"end":{}}],"line":102},"10":{"loc":{"start":{"line":117,"column":4},"end":{"line":119,"column":null}},"type":"if","locations":[{"start":{"line":117,"column":4},"end":{"line":119,"column":null}},{"start":{},"end":{}}],"line":117},"11":{"loc":{"start":{"line":133,"column":4},"end":{"line":135,"column":null}},"type":"if","locations":[{"start":{"line":133,"column":4},"end":{"line":135,"column":null}},{"start":{},"end":{}}],"line":133},"12":{"loc":{"start":{"line":148,"column":4},"end":{"line":150,"column":null}},"type":"if","locations":[{"start":{"line":148,"column":4},"end":{"line":150,"column":null}},{"start":{},"end":{}}],"line":148}},"s":{"0":5,"1":5,"2":9,"3":9,"4":9,"5":9,"6":9,"7":9,"8":9,"9":9,"10":9,"11":2,"12":9,"13":9,"14":9,"15":9,"16":9,"17":0,"18":0,"19":5,"20":5,"21":5,"22":5,"23":2,"24":3,"25":0,"26":0,"27":5,"28":140,"29":140,"30":139,"31":1,"32":1,"33":0,"34":0,"35":5,"36":4,"37":4,"38":4,"39":1,"40":3,"41":2,"42":1,"43":1,"44":0,"45":0,"46":5,"47":11,"48":11,"49":11,"50":2,"51":9,"52":9,"53":9,"54":0,"55":0},"f":{"0":9,"1":5,"2":140,"3":4,"4":11},"b":{"0":[9,8],"1":[9,8],"2":[9,7],"3":[9,7],"4":[9,7],"5":[2,7],"6":[9,0],"7":[1,8],"8":[2,3],"9":[1,0],"10":[1,3],"11":[1,0],"12":[2,9]},"meta":{"lastBranch":13,"lastFunction":5,"lastStatement":56,"seen":{"s:5:14:5:23":0,"s:8:0:59:Infinity":1,"f:8:16:8:21":0,"s:9:2:58:Infinity":2,"s:10:17:10:46":3,"b:10:17:10:41:10:45:10:46":0,"s:11:18:11:49":4,"b:11:18:11:43:11:47:11:49":1,"s:12:19:12:41":5,"b:12:19:12:35:12:39:12:41":2,"s:13:19:13:50":6,"b:13:19:13:35:13:39:13:50":3,"s:14:18:14:43":7,"b:14:18:14:33:14:37:14:43":4,"s:15:17:15:35":8,"s:18:18:20:5":9,"b:23:4:29:Infinity:undefined:undefined:undefined:undefined":5,"s:23:4:29:Infinity":10,"s:24:6:28:Infinity":11,"s:32:30:32:90":12,"s:33:23:33:80":13,"b:33:60:33:66:33:69:33:80":6,"s:34:21:34:53":14,"b:34:39:34:44:34:47:34:53":7,"s:36:26:44:6":15,"s:46:4:54:Infinity":16,"s:56:4:56:Infinity":17,"s:57:4:57:Infinity":18,"s:62:0:85:Infinity":19,"f:62:19:62:24":1,"s:63:2:84:Infinity":20,"s:64:20:74:6":21,"b:76:4:78:Infinity:undefined:undefined:undefined:undefined":8,"s:76:4:78:Infinity":22,"s:77:6:77:Infinity":23,"s:80:4:80:Infinity":24,"s:82:4:82:Infinity":25,"s:83:4:83:Infinity":26,"s:88:0:108:Infinity":27,"f:88:34:88:39":2,"s:89:2:107:Infinity":28,"s:90:23:97:6":29,"s:99:4:99:Infinity":30,"b:102:4:104:Infinity:undefined:undefined:undefined:undefined":9,"s:102:4:104:Infinity":31,"s:103:6:103:Infinity":32,"s:105:4:105:Infinity":33,"s:106:4:106:Infinity":34,"s:111:0:139:Infinity":35,"f:111:36:111:41":3,"s:112:2:138:Infinity":36,"s:113:21:115:6":37,"b:117:4:119:Infinity:undefined:undefined:undefined:undefined":10,"s:117:4:119:Infinity":38,"s:118:6:118:Infinity":39,"s:121:20:129:6":40,"s:131:4:131:Infinity":41,"b:133:4:135:Infinity:undefined:undefined:undefined:undefined":11,"s:133:4:135:Infinity":42,"s:134:6:134:Infinity":43,"s:136:4:136:Infinity":44,"s:137:4:137:Infinity":45,"s:142:0:174:Infinity":46,"f:142:22:142:27":4,"s:143:2:173:Infinity":47,"s:144:21:146:6":48,"b:148:4:150:Infinity:undefined:undefined:undefined:undefined":12,"s:148:4:150:Infinity":49,"s:149:6:149:Infinity":50,"s:152:4:158:Infinity":51,"s:161:4:167:Infinity":52,"s:169:4:169:Infinity":53,"s:171:4:171:Infinity":54,"s:172:4:172:Infinity":55}}}
,"/Users/ioan-one/Documents/Detal Clinic(MPP)/dental-clinic-app/server/routes/statistics.js": {"path":"/Users/ioan-one/Documents/Detal Clinic(MPP)/dental-clinic-app/server/routes/statistics.js","statementMap":{"0":{"start":{"line":4,"column":14},"end":{"line":4,"column":23}},"1":{"start":{"line":7,"column":0},"end":{"line":77,"column":null}},"2":{"start":{"line":8,"column":2},"end":{"line":76,"column":null}},"3":{"start":{"line":10,"column":26},"end":{"line":10,"column":54}},"4":{"start":{"line":11,"column":27},"end":{"line":11,"column":86}},"5":{"start":{"line":12,"column":28},"end":{"line":12,"column":86}},"6":{"start":{"line":15,"column":30},"end":{"line":15,"column":93}},"7":{"start":{"line":17,"column":33},"end":{"line":21,"column":6}},"8":{"start":{"line":24,"column":25},"end":{"line":24,"column":27}},"9":{"start":{"line":25,"column":4},"end":{"line":27,"column":null}},"10":{"start":{"line":26,"column":6},"end":{"line":26,"column":null}},"11":{"start":{"line":30,"column":31},"end":{"line":34,"column":6}},"12":{"start":{"line":36,"column":23},"end":{"line":36,"column":25}},"13":{"start":{"line":37,"column":4},"end":{"line":39,"column":null}},"14":{"start":{"line":38,"column":6},"end":{"line":38,"column":null}},"15":{"start":{"line":42,"column":33},"end":{"line":46,"column":6}},"16":{"start":{"line":49,"column":24},"end":{"line":58,"column":5}},"17":{"start":{"line":51,"column":23},"end":{"line":51,"column":87}},"18":{"start":{"line":52,"column":8},"end":{"line":56,"column":null}},"19":{"start":{"line":60,"column":4},"end":{"line":72,"column":null}},"20":{"start":{"line":74,"column":4},"end":{"line":74,"column":null}},"21":{"start":{"line":75,"column":4},"end":{"line":75,"column":null}}},"fnMap":{"0":{"name":"(anonymous_0)","decl":{"start":{"line":7,"column":16},"end":{"line":7,"column":21}},"loc":{"start":{"line":7,"column":36},"end":{"line":77,"column":1}},"line":7},"1":{"name":"(anonymous_1)","decl":{"start":{"line":25,"column":33},"end":{"line":25,"column":37}},"loc":{"start":{"line":25,"column":41},"end":{"line":27,"column":5}},"line":25},"2":{"name":"(anonymous_2)","decl":{"start":{"line":37,"column":31},"end":{"line":37,"column":35}},"loc":{"start":{"line":37,"column":39},"end":{"line":39,"column":5}},"line":37},"3":{"name":"(anonymous_3)","decl":{"start":{"line":50,"column":31},"end":{"line":50,"column":36}},"loc":{"start":{"line":50,"column":47},"end":{"line":57,"column":7}},"line":50}},"branchMap":{"0":{"loc":{"start":{"line":54,"column":22},"end":{"line":54,"column":67}},"type":"cond-expr","locations":[{"start":{"line":54,"column":31},"end":{"line":54,"column":55}},{"start":{"line":54,"column":58},"end":{"line":54,"column":67}}],"line":54}},"s":{"0":5,"1":5,"2":19,"3":19,"4":19,"5":19,"6":19,"7":19,"8":19,"9":19,"10":9,"11":19,"12":19,"13":19,"14":7,"15":19,"16":19,"17":7,"18":7,"19":19,"20":0,"21":0},"f":{"0":19,"1":9,"2":7,"3":7},"b":{"0":[7,0]},"meta":{"lastBranch":1,"lastFunction":4,"lastStatement":22,"seen":{"s:4:14:4:23":0,"s:7:0:77:Infinity":1,"f:7:16:7:21":0,"s:8:2:76:Infinity":2,"s:10:26:10:54":3,"s:11:27:11:86":4,"s:12:28:12:86":5,"s:15:30:15:93":6,"s:17:33:21:6":7,"s:24:25:24:27":8,"s:25:4:27:Infinity":9,"f:25:33:25:37":1,"s:26:6:26:Infinity":10,"s:30:31:34:6":11,"s:36:23:36:25":12,"s:37:4:39:Infinity":13,"f:37:31:37:35":2,"s:38:6:38:Infinity":14,"s:42:33:46:6":15,"s:49:24:58:5":16,"f:50:31:50:36":3,"s:51:23:51:87":17,"s:52:8:56:Infinity":18,"b:54:31:54:55:54:58:54:67":0,"s:60:4:72:Infinity":19,"s:74:4:74:Infinity":20,"s:75:4:75:Infinity":21}}}
,"/Users/ioan-one/Documents/Detal Clinic(MPP)/dental-clinic-app/server/routes/teeth.js": {"path":"/Users/ioan-one/Documents/Detal Clinic(MPP)/dental-clinic-app/server/routes/teeth.js","statementMap":{"0":{"start":{"line":4,"column":14},"end":{"line":4,"column":23}},"1":{"start":{"line":9,"column":0},"end":{"line":36,"column":null}},"2":{"start":{"line":10,"column":2},"end":{"line":35,"column":null}},"3":{"start":{"line":11,"column":22},"end":{"line":11,"column":52}},"4":{"start":{"line":14,"column":21},"end":{"line":14,"column":77}},"5":{"start":{"line":15,"column":4},"end":{"line":17,"column":null}},"6":{"start":{"line":16,"column":6},"end":{"line":16,"column":null}},"7":{"start":{"line":19,"column":20},"end":{"line":19,"column":22}},"8":{"start":{"line":20,"column":4},"end":{"line":22,"column":null}},"9":{"start":{"line":20,"column":19},"end":{"line":20,"column":20}},"10":{"start":{"line":21,"column":6},"end":{"line":21,"column":null}},"11":{"start":{"line":24,"column":4},"end":{"line":24,"column":null}},"12":{"start":{"line":26,"column":20},"end":{"line":29,"column":6}},"13":{"start":{"line":31,"column":4},"end":{"line":31,"column":null}},"14":{"start":{"line":33,"column":4},"end":{"line":33,"column":null}},"15":{"start":{"line":34,"column":4},"end":{"line":34,"column":null}},"16":{"start":{"line":39,"column":0},"end":{"line":59,"column":null}},"17":{"start":{"line":40,"column":2},"end":{"line":58,"column":null}},"18":{"start":{"line":41,"column":22},"end":{"line":41,"column":52}},"19":{"start":{"line":42,"column":20},"end":{"line":53,"column":6}},"20":{"start":{"line":54,"column":4},"end":{"line":54,"column":null}},"21":{"start":{"line":56,"column":4},"end":{"line":56,"column":null}},"22":{"start":{"line":57,"column":4},"end":{"line":57,"column":null}},"23":{"start":{"line":62,"column":0},"end":{"line":91,"column":null}},"24":{"start":{"line":63,"column":2},"end":{"line":90,"column":null}},"25":{"start":{"line":64,"column":49},"end":{"line":64,"column":57}},"26":{"start":{"line":65,"column":4},"end":{"line":67,"column":null}},"27":{"start":{"line":66,"column":6},"end":{"line":66,"column":null}},"28":{"start":{"line":69,"column":24},"end":{"line":71,"column":6}},"29":{"start":{"line":72,"column":4},"end":{"line":72,"column":null}},"30":{"start":{"line":72,"column":22},"end":{"line":72,"column":null}},"31":{"start":{"line":74,"column":18},"end":{"line":85,"column":6}},"32":{"start":{"line":86,"column":4},"end":{"line":86,"column":null}},"33":{"start":{"line":88,"column":4},"end":{"line":88,"column":null}},"34":{"start":{"line":89,"column":4},"end":{"line":89,"column":null}},"35":{"start":{"line":94,"column":0},"end":{"line":112,"column":null}},"36":{"start":{"line":95,"column":2},"end":{"line":111,"column":null}},"37":{"start":{"line":96,"column":19},"end":{"line":106,"column":6}},"38":{"start":{"line":107,"column":4},"end":{"line":107,"column":null}},"39":{"start":{"line":107,"column":17},"end":{"line":107,"column":null}},"40":{"start":{"line":108,"column":4},"end":{"line":108,"column":null}},"41":{"start":{"line":110,"column":4},"end":{"line":110,"column":null}},"42":{"start":{"line":115,"column":0},"end":{"line":135,"column":null}},"43":{"start":{"line":116,"column":2},"end":{"line":134,"column":null}},"44":{"start":{"line":117,"column":21},"end":{"line":119,"column":6}},"45":{"start":{"line":120,"column":4},"end":{"line":120,"column":null}},"46":{"start":{"line":120,"column":19},"end":{"line":120,"column":null}},"47":{"start":{"line":122,"column":30},"end":{"line":122,"column":38}},"48":{"start":{"line":123,"column":23},"end":{"line":123,"column":25}},"49":{"start":{"line":124,"column":4},"end":{"line":124,"column":null}},"50":{"start":{"line":124,"column":16},"end":{"line":124,"column":null}},"51":{"start":{"line":125,"column":4},"end":{"line":125,"column":null}},"52":{"start":{"line":125,"column":29},"end":{"line":125,"column":null}},"53":{"start":{"line":127,"column":20},"end":{"line":130,"column":6}},"54":{"start":{"line":131,"column":4},"end":{"line":131,"column":null}},"55":{"start":{"line":133,"column":4},"end":{"line":133,"column":null}}},"fnMap":{"0":{"name":"(anonymous_0)","decl":{"start":{"line":9,"column":46},"end":{"line":9,"column":51}},"loc":{"start":{"line":9,"column":66},"end":{"line":36,"column":1}},"line":9},"1":{"name":"(anonymous_1)","decl":{"start":{"line":39,"column":34},"end":{"line":39,"column":39}},"loc":{"start":{"line":39,"column":54},"end":{"line":59,"column":1}},"line":39},"2":{"name":"(anonymous_2)","decl":{"start":{"line":62,"column":28},"end":{"line":62,"column":33}},"loc":{"start":{"line":62,"column":48},"end":{"line":91,"column":1}},"line":62},"3":{"name":"(anonymous_3)","decl":{"start":{"line":94,"column":19},"end":{"line":94,"column":24}},"loc":{"start":{"line":94,"column":39},"end":{"line":112,"column":1}},"line":94},"4":{"name":"(anonymous_4)","decl":{"start":{"line":115,"column":19},"end":{"line":115,"column":24}},"loc":{"start":{"line":115,"column":39},"end":{"line":135,"column":1}},"line":115}},"branchMap":{"0":{"loc":{"start":{"line":15,"column":4},"end":{"line":17,"column":null}},"type":"if","locations":[{"start":{"line":15,"column":4},"end":{"line":17,"column":null}},{"start":{},"end":{}}],"line":15},"1":{"loc":{"start":{"line":65,"column":4},"end":{"line":67,"column":null}},"type":"if","locations":[{"start":{"line":65,"column":4},"end":{"line":67,"column":null}},{"start":{},"end":{}}],"line":65},"2":{"loc":{"start":{"line":65,"column":8},"end":{"line":65,"column":40}},"type":"binary-expr","locations":[{"start":{"line":65,"column":8},"end":{"line":65,"column":18}},{"start":{"line":65,"column":22},"end":{"line":65,"column":27}},{"start":{"line":65,"column":31},"end":{"line":65,"column":40}}],"line":65},"3":{"loc":{"start":{"line":72,"column":4},"end":{"line":72,"column":null}},"type":"if","locations":[{"start":{"line":72,"column":4},"end":{"line":72,"column":null}},{"start":{},"end":{}}],"line":72},"4":{"loc":{"start":{"line":78,"column":15},"end":{"line":78,"column":28}},"type":"binary-expr","locations":[{"start":{"line":78,"column":15},"end":{"line":78,"column":20}},{"start":{"line":78,"column":24},"end":{"line":78,"column":28}}],"line":78},"5":{"loc":{"start":{"line":107,"column":4},"end":{"line":107,"column":null}},"type":"if","locations":[{"start":{"line":107,"column":4},"end":{"line":107,"column":null}},{"start":{},"end":{}}],"line":107},"6":{"loc":{"start":{"line":120,"column":4},"end":{"line":120,"column":null}},"type":"if","locations":[{"start":{"line":120,"column":4},"end":{"line":120,"column":null}},{"start":{},"end":{}}],"line":120},"7":{"loc":{"start":{"line":124,"column":4},"end":{"line":124,"column":null}},"type":"if","locations":[{"start":{"line":124,"column":4},"end":{"line":124,"column":null}},{"start":{},"end":{}}],"line":124},"8":{"loc":{"start":{"line":125,"column":4},"end":{"line":125,"column":null}},"type":"if","locations":[{"start":{"line":125,"column":4},"end":{"line":125,"column":null}},{"start":{},"end":{}}],"line":125}},"s":{"0":5,"1":5,"2":24,"3":24,"4":24,"5":24,"6":1,"7":23,"8":23,"9":23,"10":736,"11":23,"12":23,"13":23,"14":0,"15":0,"16":5,"17":19,"18":19,"19":19,"20":19,"21":0,"22":0,"23":5,"24":8,"25":8,"26":8,"27":3,"28":5,"29":5,"30":1,"31":4,"32":4,"33":0,"34":0,"35":5,"36":4,"37":4,"38":4,"39":1,"40":3,"41":0,"42":5,"43":5,"44":5,"45":5,"46":1,"47":4,"48":4,"49":4,"50":3,"51":4,"52":2,"53":4,"54":4,"55":0},"f":{"0":24,"1":19,"2":8,"3":4,"4":5},"b":{"0":[1,23],"1":[3,5],"2":[8,6,5],"3":[1,4],"4":[4,3],"5":[1,3],"6":[1,4],"7":[3,1],"8":[2,2]},"meta":{"lastBranch":9,"lastFunction":5,"lastStatement":56,"seen":{"s:4:14:4:23":0,"s:9:0:36:Infinity":1,"f:9:46:9:51":0,"s:10:2:35:Infinity":2,"s:11:22:11:52":3,"s:14:21:14:77":4,"b:15:4:17:Infinity:undefined:undefined:undefined:undefined":0,"s:15:4:17:Infinity":5,"s:16:6:16:Infinity":6,"s:19:20:19:22":7,"s:20:4:22:Infinity":8,"s:20:19:20:20":9,"s:21:6:21:Infinity":10,"s:24:4:24:Infinity":11,"s:26:20:29:6":12,"s:31:4:31:Infinity":13,"s:33:4:33:Infinity":14,"s:34:4:34:Infinity":15,"s:39:0:59:Infinity":16,"f:39:34:39:39":1,"s:40:2:58:Infinity":17,"s:41:22:41:52":18,"s:42:20:53:6":19,"s:54:4:54:Infinity":20,"s:56:4:56:Infinity":21,"s:57:4:57:Infinity":22,"s:62:0:91:Infinity":23,"f:62:28:62:33":2,"s:63:2:90:Infinity":24,"s:64:49:64:57":25,"b:65:4:67:Infinity:undefined:undefined:undefined:undefined":1,"s:65:4:67:Infinity":26,"b:65:8:65:18:65:22:65:27:65:31:65:40":2,"s:66:6:66:Infinity":27,"s:69:24:71:6":28,"b:72:4:72:Infinity:undefined:undefined:undefined:undefined":3,"s:72:4:72:Infinity":29,"s:72:22:72:Infinity":30,"s:74:18:85:6":31,"b:78:15:78:20:78:24:78:28":4,"s:86:4:86:Infinity":32,"s:88:4:88:Infinity":33,"s:89:4:89:Infinity":34,"s:94:0:112:Infinity":35,"f:94:19:94:24":3,"s:95:2:111:Infinity":36,"s:96:19:106:6":37,"b:107:4:107:Infinity:undefined:undefined:undefined:undefined":5,"s:107:4:107:Infinity":38,"s:107:17:107:Infinity":39,"s:108:4:108:Infinity":40,"s:110:4:110:Infinity":41,"s:115:0:135:Infinity":42,"f:115:19:115:24":4,"s:116:2:134:Infinity":43,"s:117:21:119:6":44,"b:120:4:120:Infinity:undefined:undefined:undefined:undefined":6,"s:120:4:120:Infinity":45,"s:120:19:120:Infinity":46,"s:122:30:122:38":47,"s:123:23:123:25":48,"b:124:4:124:Infinity:undefined:undefined:undefined:undefined":7,"s:124:4:124:Infinity":49,"s:124:16:124:Infinity":50,"b:125:4:125:Infinity:undefined:undefined:undefined:undefined":8,"s:125:4:125:Infinity":51,"s:125:29:125:Infinity":52,"s:127:20:130:6":53,"s:131:4:131:Infinity":54,"s:133:4:133:Infinity":55}}}
,"/Users/ioan-one/Documents/Detal Clinic(MPP)/dental-clinic-app/server/store/db.js": {"path":"/Users/ioan-one/Documents/Detal Clinic(MPP)/dental-clinic-app/server/store/db.js","statementMap":{"0":{"start":{"line":2,"column":25},"end":{"line":2,"column":28}},"1":{"start":{"line":8,"column":24},"end":{"line":8,"column":34}},"2":{"start":{"line":10,"column":0},"end":{"line":17,"column":null}},"3":{"start":{"line":11,"column":15},"end":{"line":13,"column":4}},"4":{"start":{"line":15,"column":18},"end":{"line":15,"column":36}},"5":{"start":{"line":16,"column":2},"end":{"line":16,"column":null}},"6":{"start":{"line":19,"column":22},"end":{"line":19,"column":44}}},"fnMap":{},"branchMap":{"0":{"loc":{"start":{"line":10,"column":0},"end":{"line":17,"column":null}},"type":"if","locations":[{"start":{"line":10,"column":0},"end":{"line":17,"column":null}},{"start":{},"end":{}}],"line":10}},"s":{"0":5,"1":5,"2":5,"3":5,"4":5,"5":5,"6":5},"f":{},"b":{"0":[5,0]},"meta":{"lastBranch":1,"lastFunction":0,"lastStatement":7,"seen":{"s:2:25:2:28":0,"s:8:24:8:34":1,"b:10:0:17:Infinity:undefined:undefined:undefined:undefined":0,"s:10:0:17:Infinity":2,"s:11:15:13:4":3,"s:15:18:15:36":4,"s:16:2:16:Infinity":5,"s:19:22:19:44":6}}}
,"/Users/ioan-one/Documents/Detal Clinic(MPP)/dental-clinic-app/server/store/memory.js": {"path":"/Users/ioan-one/Documents/Detal Clinic(MPP)/dental-clinic-app/server/store/memory.js","statementMap":{"0":{"start":{"line":1,"column":21},"end":{"line":6,"column":1}},"1":{"start":{"line":8,"column":26},"end":{"line":13,"column":1}},"2":{"start":{"line":9,"column":2},"end":{"line":9,"column":null}},"3":{"start":{"line":10,"column":2},"end":{"line":10,"column":null}},"4":{"start":{"line":11,"column":2},"end":{"line":11,"column":null}},"5":{"start":{"line":12,"column":2},"end":{"line":12,"column":null}}},"fnMap":{"0":{"name":"(anonymous_0)","decl":{"start":{"line":8,"column":26},"end":{"line":8,"column":27}},"loc":{"start":{"line":8,"column":32},"end":{"line":13,"column":1}},"line":8}},"branchMap":{},"s":{"0":0,"1":0,"2":0,"3":0,"4":0,"5":0},"f":{"0":0},"b":{},"meta":{"lastBranch":0,"lastFunction":1,"lastStatement":6,"seen":{"s:1:21:6:1":0,"s:8:26:13:1":1,"f:8:26:8:27":0,"s:9:2:9:Infinity":2,"s:10:2:10:Infinity":3,"s:11:2:11:Infinity":4,"s:12:2:12:Infinity":5}}}
,"/Users/ioan-one/Documents/Detal Clinic(MPP)/dental-clinic-app/server/tests/helpers.js": {"path":"/Users/ioan-one/Documents/Detal Clinic(MPP)/dental-clinic-app/server/tests/helpers.js","statementMap":{"0":{"start":{"line":8,"column":2},"end":{"line":8,"column":null}},"1":{"start":{"line":9,"column":2},"end":{"line":9,"column":null}},"2":{"start":{"line":10,"column":2},"end":{"line":10,"column":null}},"3":{"start":{"line":11,"column":2},"end":{"line":11,"column":null}},"4":{"start":{"line":12,"column":2},"end":{"line":12,"column":null}},"5":{"start":{"line":19,"column":2},"end":{"line":28,"column":null}},"6":{"start":{"line":35,"column":2},"end":{"line":43,"column":null}},"7":{"start":{"line":50,"column":2},"end":{"line":50,"column":null}}},"fnMap":{"0":{"name":"cleanDatabase","decl":{"start":{"line":7,"column":22},"end":{"line":7,"column":35}},"loc":{"start":{"line":7,"column":38},"end":{"line":13,"column":null}},"line":7},"1":{"name":"createTestDoctor","decl":{"start":{"line":18,"column":22},"end":{"line":18,"column":38}},"loc":{"start":{"line":18,"column":55},"end":{"line":29,"column":null}},"line":18},"2":{"name":"createTestPatient","decl":{"start":{"line":34,"column":22},"end":{"line":34,"column":39}},"loc":{"start":{"line":34,"column":56},"end":{"line":44,"column":null}},"line":34},"3":{"name":"disconnectDB","decl":{"start":{"line":49,"column":22},"end":{"line":49,"column":34}},"loc":{"start":{"line":49,"column":37},"end":{"line":51,"column":null}},"line":49}},"branchMap":{"0":{"loc":{"start":{"line":18,"column":39},"end":{"line":18,"column":53}},"type":"default-arg","locations":[{"start":{"line":18,"column":51},"end":{"line":18,"column":53}}],"line":18},"1":{"loc":{"start":{"line":34,"column":40},"end":{"line":34,"column":54}},"type":"default-arg","locations":[{"start":{"line":34,"column":52},"end":{"line":34,"column":54}}],"line":34}},"s":{"0":138,"1":138,"2":138,"3":138,"4":138,"5":114,"6":85,"7":5},"f":{"0":138,"1":114,"2":85,"3":5},"b":{"0":[114],"1":[85]},"meta":{"lastBranch":2,"lastFunction":4,"lastStatement":8,"seen":{"f:7:22:7:35":0,"s:8:2:8:Infinity":0,"s:9:2:9:Infinity":1,"s:10:2:10:Infinity":2,"s:11:2:11:Infinity":3,"s:12:2:12:Infinity":4,"f:18:22:18:38":1,"b:18:51:18:53":0,"s:19:2:28:Infinity":5,"f:34:22:34:39":2,"b:34:52:34:54":1,"s:35:2:43:Infinity":6,"f:49:22:49:34":3,"s:50:2:50:Infinity":7}}}
,"/Users/ioan-one/Documents/Detal Clinic(MPP)/dental-clinic-app/server/validators/patientValidator.js": {"path":"/Users/ioan-one/Documents/Detal Clinic(MPP)/dental-clinic-app/server/validators/patientValidator.js","statementMap":{"0":{"start":{"line":3,"column":29},"end":{"line":8,"column":2}},"1":{"start":{"line":10,"column":31},"end":{"line":17,"column":1}},"2":{"start":{"line":11,"column":17},"end":{"line":11,"column":50}},"3":{"start":{"line":12,"column":2},"end":{"line":14,"column":null}},"4":{"start":{"line":13,"column":4},"end":{"line":13,"column":null}},"5":{"start":{"line":15,"column":2},"end":{"line":15,"column":null}},"6":{"start":{"line":16,"column":2},"end":{"line":16,"column":null}}},"fnMap":{"0":{"name":"(anonymous_0)","decl":{"start":{"line":10,"column":31},"end":{"line":10,"column":32}},"loc":{"start":{"line":10,"column":51},"end":{"line":17,"column":1}},"line":10}},"branchMap":{"0":{"loc":{"start":{"line":12,"column":2},"end":{"line":14,"column":null}},"type":"if","locations":[{"start":{"line":12,"column":2},"end":{"line":14,"column":null}},{"start":{},"end":{}}],"line":12}},"s":{"0":5,"1":5,"2":149,"3":149,"4":5,"5":144,"6":144},"f":{"0":149},"b":{"0":[5,144]},"meta":{"lastBranch":1,"lastFunction":1,"lastStatement":7,"seen":{"s:3:29:8:2":0,"s:10:31:17:1":1,"f:10:31:10:32":0,"s:11:17:11:50":2,"b:12:2:14:Infinity:undefined:undefined:undefined:undefined":0,"s:12:2:14:Infinity":3,"s:13:4:13:Infinity":4,"s:15:2:15:Infinity":5,"s:16:2:16:Infinity":6}}}
}
